{"/Users/momarm45/Documents/project/omarmuneercoder/src/App.tsx": {"path":"/Users/momarm45/Documents/project/omarmuneercoder/src/App.tsx","statementMap":{"0":{"start":{"line":5,"column":17},"end":{"line":5,"column":56}},"1":{"start":{"line":5,"column":28},"end":{"line":5,"column":55}},"2":{"start":{"line":6,"column":18},"end":{"line":6,"column":57}},"3":{"start":{"line":6,"column":29},"end":{"line":6,"column":56}},"4":{"start":{"line":7,"column":22},"end":{"line":7,"column":65}},"5":{"start":{"line":7,"column":33},"end":{"line":7,"column":64}},"6":{"start":{"line":8,"column":17},"end":{"line":8,"column":55}},"7":{"start":{"line":8,"column":28},"end":{"line":8,"column":54}},"8":{"start":{"line":9,"column":14},"end":{"line":9,"column":54}},"9":{"start":{"line":9,"column":25},"end":{"line":9,"column":53}},"10":{"start":{"line":10,"column":17},"end":{"line":10,"column":60}},"11":{"start":{"line":10,"column":28},"end":{"line":10,"column":59}},"12":{"start":{"line":11,"column":17},"end":{"line":11,"column":55}},"13":{"start":{"line":11,"column":28},"end":{"line":11,"column":54}},"14":{"start":{"line":14,"column":2},"end":{"line":16,"column":8}},"15":{"start":{"line":20,"column":2},"end":{"line":61,"column":4}}},"fnMap":{"0":{"name":"(anonymous_0)","decl":{"start":{"line":5,"column":22},"end":{"line":5,"column":23}},"loc":{"start":{"line":5,"column":28},"end":{"line":5,"column":55}},"line":5},"1":{"name":"(anonymous_1)","decl":{"start":{"line":6,"column":23},"end":{"line":6,"column":24}},"loc":{"start":{"line":6,"column":29},"end":{"line":6,"column":56}},"line":6},"2":{"name":"(anonymous_2)","decl":{"start":{"line":7,"column":27},"end":{"line":7,"column":28}},"loc":{"start":{"line":7,"column":33},"end":{"line":7,"column":64}},"line":7},"3":{"name":"(anonymous_3)","decl":{"start":{"line":8,"column":22},"end":{"line":8,"column":23}},"loc":{"start":{"line":8,"column":28},"end":{"line":8,"column":54}},"line":8},"4":{"name":"(anonymous_4)","decl":{"start":{"line":9,"column":19},"end":{"line":9,"column":20}},"loc":{"start":{"line":9,"column":25},"end":{"line":9,"column":53}},"line":9},"5":{"name":"(anonymous_5)","decl":{"start":{"line":10,"column":22},"end":{"line":10,"column":23}},"loc":{"start":{"line":10,"column":28},"end":{"line":10,"column":59}},"line":10},"6":{"name":"(anonymous_6)","decl":{"start":{"line":11,"column":22},"end":{"line":11,"column":23}},"loc":{"start":{"line":11,"column":28},"end":{"line":11,"column":54}},"line":11},"7":{"name":"App","decl":{"start":{"line":19,"column":9},"end":{"line":19,"column":12}},"loc":{"start":{"line":19,"column":28},"end":{"line":62,"column":1}},"line":19}},"branchMap":{},"s":{"0":1,"1":0,"2":1,"3":0,"4":1,"5":0,"6":1,"7":0,"8":1,"9":0,"10":1,"11":0,"12":1,"13":0,"14":1,"15":0},"f":{"0":0,"1":0,"2":0,"3":0,"4":0,"5":0,"6":0,"7":0},"b":{},"_coverageSchema":"1a1c01bbd47fc00a2c39e90264f33305004495a9","hash":"503314c404fb088dfc4f0344ceb153a60c8ca811"}
,"/Users/momarm45/Documents/project/omarmuneercoder/src/pages/NotFound.tsx": {"path":"/Users/momarm45/Documents/project/omarmuneercoder/src/pages/NotFound.tsx","statementMap":{"0":{"start":{"line":5,"column":2},"end":{"line":19,"column":4}}},"fnMap":{"0":{"name":"NotFound","decl":{"start":{"line":4,"column":9},"end":{"line":4,"column":17}},"loc":{"start":{"line":4,"column":33},"end":{"line":20,"column":1}},"line":4}},"branchMap":{},"s":{"0":0},"f":{"0":0},"b":{}}
,"/Users/momarm45/Documents/project/omarmuneercoder/src/pages/Auth/Login.tsx": {"path":"/Users/momarm45/Documents/project/omarmuneercoder/src/pages/Auth/Login.tsx","statementMap":{"0":{"start":{"line":7,"column":21},"end":{"line":7,"column":30}},"1":{"start":{"line":8,"column":19},"end":{"line":8,"column":32}},"2":{"start":{"line":9,"column":28},"end":{"line":9,"column":40}},"3":{"start":{"line":10,"column":34},"end":{"line":10,"column":46}},"4":{"start":{"line":11,"column":28},"end":{"line":11,"column":40}},"5":{"start":{"line":12,"column":32},"end":{"line":12,"column":47}},"6":{"start":{"line":14,"column":23},"end":{"line":27,"column":3}},"7":{"start":{"line":15,"column":4},"end":{"line":15,"column":23}},"8":{"start":{"line":16,"column":4},"end":{"line":16,"column":17}},"9":{"start":{"line":17,"column":4},"end":{"line":17,"column":21}},"10":{"start":{"line":19,"column":22},"end":{"line":19,"column":51}},"11":{"start":{"line":21,"column":4},"end":{"line":26,"column":5}},"12":{"start":{"line":22,"column":6},"end":{"line":22,"column":30}},"13":{"start":{"line":23,"column":6},"end":{"line":23,"column":24}},"14":{"start":{"line":25,"column":6},"end":{"line":25,"column":29}},"15":{"start":{"line":29,"column":2},"end":{"line":91,"column":4}},"16":{"start":{"line":55,"column":33},"end":{"line":55,"column":57}},"17":{"start":{"line":67,"column":33},"end":{"line":67,"column":60}}},"fnMap":{"0":{"name":"Login","decl":{"start":{"line":6,"column":9},"end":{"line":6,"column":14}},"loc":{"start":{"line":6,"column":30},"end":{"line":92,"column":1}},"line":6},"1":{"name":"(anonymous_1)","decl":{"start":{"line":14,"column":23},"end":{"line":14,"column":24}},"loc":{"start":{"line":14,"column":47},"end":{"line":27,"column":3}},"line":14},"2":{"name":"(anonymous_2)","decl":{"start":{"line":55,"column":26},"end":{"line":55,"column":27}},"loc":{"start":{"line":55,"column":33},"end":{"line":55,"column":57}},"line":55},"3":{"name":"(anonymous_3)","decl":{"start":{"line":67,"column":26},"end":{"line":67,"column":27}},"loc":{"start":{"line":67,"column":33},"end":{"line":67,"column":60}},"line":67}},"branchMap":{"0":{"loc":{"start":{"line":21,"column":4},"end":{"line":26,"column":5}},"type":"if","locations":[{"start":{"line":21,"column":4},"end":{"line":26,"column":5}},{"start":{"line":24,"column":11},"end":{"line":26,"column":5}}],"line":21},"1":{"loc":{"start":{"line":42,"column":11},"end":{"line":46,"column":11}},"type":"binary-expr","locations":[{"start":{"line":42,"column":11},"end":{"line":42,"column":16}},{"start":{"line":43,"column":12},"end":{"line":45,"column":18}}],"line":42},"2":{"loc":{"start":{"line":78,"column":15},"end":{"line":78,"column":50}},"type":"cond-expr","locations":[{"start":{"line":78,"column":25},"end":{"line":78,"column":38}},{"start":{"line":78,"column":41},"end":{"line":78,"column":50}}],"line":78}},"s":{"0":15,"1":15,"2":15,"3":15,"4":15,"5":15,"6":15,"7":3,"8":3,"9":3,"10":3,"11":3,"12":1,"13":1,"14":2,"15":15,"16":3,"17":3},"f":{"0":15,"1":3,"2":3,"3":3},"b":{"0":[1,2],"1":[15,1],"2":[3,12]},"_coverageSchema":"1a1c01bbd47fc00a2c39e90264f33305004495a9","hash":"2b9ccdb09cacc7430ad8a1bd753f4645c116edb5"}
,"/Users/momarm45/Documents/project/omarmuneercoder/src/pages/Auth/Register.tsx": {"path":"/Users/momarm45/Documents/project/omarmuneercoder/src/pages/Auth/Register.tsx","statementMap":{"0":{"start":{"line":7,"column":21},"end":{"line":7,"column":30}},"1":{"start":{"line":8,"column":19},"end":{"line":8,"column":32}},"2":{"start":{"line":9,"column":28},"end":{"line":9,"column":40}},"3":{"start":{"line":10,"column":34},"end":{"line":10,"column":46}},"4":{"start":{"line":11,"column":32},"end":{"line":11,"column":44}},"5":{"start":{"line":12,"column":28},"end":{"line":12,"column":40}},"6":{"start":{"line":13,"column":32},"end":{"line":13,"column":47}},"7":{"start":{"line":15,"column":23},"end":{"line":38,"column":3}},"8":{"start":{"line":16,"column":4},"end":{"line":16,"column":23}},"9":{"start":{"line":17,"column":4},"end":{"line":17,"column":17}},"10":{"start":{"line":19,"column":4},"end":{"line":22,"column":5}},"11":{"start":{"line":20,"column":6},"end":{"line":20,"column":41}},"12":{"start":{"line":21,"column":6},"end":{"line":21,"column":13}},"13":{"start":{"line":24,"column":4},"end":{"line":27,"column":5}},"14":{"start":{"line":25,"column":6},"end":{"line":25,"column":57}},"15":{"start":{"line":26,"column":6},"end":{"line":26,"column":13}},"16":{"start":{"line":29,"column":4},"end":{"line":29,"column":21}},"17":{"start":{"line":30,"column":22},"end":{"line":30,"column":51}},"18":{"start":{"line":32,"column":4},"end":{"line":37,"column":5}},"19":{"start":{"line":33,"column":6},"end":{"line":33,"column":30}},"20":{"start":{"line":34,"column":6},"end":{"line":34,"column":24}},"21":{"start":{"line":36,"column":6},"end":{"line":36,"column":29}},"22":{"start":{"line":40,"column":2},"end":{"line":116,"column":4}},"23":{"start":{"line":66,"column":33},"end":{"line":66,"column":57}},"24":{"start":{"line":78,"column":33},"end":{"line":78,"column":60}},"25":{"start":{"line":92,"column":33},"end":{"line":92,"column":59}}},"fnMap":{"0":{"name":"Register","decl":{"start":{"line":6,"column":9},"end":{"line":6,"column":17}},"loc":{"start":{"line":6,"column":33},"end":{"line":117,"column":1}},"line":6},"1":{"name":"(anonymous_1)","decl":{"start":{"line":15,"column":23},"end":{"line":15,"column":24}},"loc":{"start":{"line":15,"column":47},"end":{"line":38,"column":3}},"line":15},"2":{"name":"(anonymous_2)","decl":{"start":{"line":66,"column":26},"end":{"line":66,"column":27}},"loc":{"start":{"line":66,"column":33},"end":{"line":66,"column":57}},"line":66},"3":{"name":"(anonymous_3)","decl":{"start":{"line":78,"column":26},"end":{"line":78,"column":27}},"loc":{"start":{"line":78,"column":33},"end":{"line":78,"column":60}},"line":78},"4":{"name":"(anonymous_4)","decl":{"start":{"line":92,"column":26},"end":{"line":92,"column":27}},"loc":{"start":{"line":92,"column":33},"end":{"line":92,"column":59}},"line":92}},"branchMap":{"0":{"loc":{"start":{"line":19,"column":4},"end":{"line":22,"column":5}},"type":"if","locations":[{"start":{"line":19,"column":4},"end":{"line":22,"column":5}},{"start":{},"end":{}}],"line":19},"1":{"loc":{"start":{"line":24,"column":4},"end":{"line":27,"column":5}},"type":"if","locations":[{"start":{"line":24,"column":4},"end":{"line":27,"column":5}},{"start":{},"end":{}}],"line":24},"2":{"loc":{"start":{"line":32,"column":4},"end":{"line":37,"column":5}},"type":"if","locations":[{"start":{"line":32,"column":4},"end":{"line":37,"column":5}},{"start":{"line":35,"column":11},"end":{"line":37,"column":5}}],"line":32},"3":{"loc":{"start":{"line":53,"column":11},"end":{"line":57,"column":11}},"type":"binary-expr","locations":[{"start":{"line":53,"column":11},"end":{"line":53,"column":16}},{"start":{"line":54,"column":12},"end":{"line":56,"column":18}}],"line":53},"4":{"loc":{"start":{"line":103,"column":15},"end":{"line":103,"column":63}},"type":"cond-expr","locations":[{"start":{"line":103,"column":25},"end":{"line":103,"column":44}},{"start":{"line":103,"column":47},"end":{"line":103,"column":63}}],"line":103}},"s":{"0":27,"1":27,"2":27,"3":27,"4":27,"5":27,"6":27,"7":27,"8":5,"9":5,"10":5,"11":1,"12":1,"13":4,"14":1,"15":1,"16":3,"17":3,"18":3,"19":1,"20":1,"21":2,"22":27,"23":5,"24":5,"25":5},"f":{"0":27,"1":5,"2":5,"3":5,"4":5},"b":{"0":[1,4],"1":[1,3],"2":[1,2],"3":[27,3],"4":[3,24]},"_coverageSchema":"1a1c01bbd47fc00a2c39e90264f33305004495a9","hash":"2d4247d7dc73972fdc0095130058440dd2599b6b"}
,"/Users/momarm45/Documents/project/omarmuneercoder/src/services/LocalStorageService.ts": {"path":"/Users/momarm45/Documents/project/omarmuneercoder/src/services/LocalStorageService.ts","statementMap":{"0":{"start":{"line":16,"column":38},"end":{"line":19,"column":1}},"1":{"start":{"line":25,"column":4},"end":{"line":25,"column":51}},"2":{"start":{"line":26,"column":4},"end":{"line":26,"column":39}},"3":{"start":{"line":33,"column":4},"end":{"line":40,"column":5}},"4":{"start":{"line":34,"column":22},"end":{"line":34,"column":40}},"5":{"start":{"line":35,"column":6},"end":{"line":35,"column":44}},"6":{"start":{"line":36,"column":6},"end":{"line":36,"column":39}},"7":{"start":{"line":38,"column":6},"end":{"line":38,"column":59}},"8":{"start":{"line":39,"column":6},"end":{"line":39,"column":71}},"9":{"start":{"line":47,"column":4},"end":{"line":47,"column":65}},"10":{"start":{"line":54,"column":19},"end":{"line":54,"column":66}},"11":{"start":{"line":55,"column":4},"end":{"line":57,"column":20}},"12":{"start":{"line":64,"column":4},"end":{"line":72,"column":5}},"13":{"start":{"line":65,"column":6},"end":{"line":69,"column":9}},"14":{"start":{"line":71,"column":6},"end":{"line":71,"column":111}},"15":{"start":{"line":79,"column":4},"end":{"line":84,"column":5}},"16":{"start":{"line":80,"column":21},"end":{"line":80,"column":37}},"17":{"start":{"line":81,"column":6},"end":{"line":81,"column":30}},"18":{"start":{"line":83,"column":6},"end":{"line":83,"column":113}},"19":{"start":{"line":91,"column":4},"end":{"line":91,"column":34}},"20":{"start":{"line":95,"column":4},"end":{"line":133,"column":5}},"21":{"start":{"line":96,"column":6},"end":{"line":96,"column":54}},"22":{"start":{"line":98,"column":26},"end":{"line":98,"column":50}},"23":{"start":{"line":99,"column":25},"end":{"line":99,"column":45}},"24":{"start":{"line":102,"column":19},"end":{"line":102,"column":49}},"25":{"start":{"line":103,"column":6},"end":{"line":105,"column":7}},"26":{"start":{"line":104,"column":8},"end":{"line":104,"column":74}},"27":{"start":{"line":107,"column":6},"end":{"line":107,"column":52}},"28":{"start":{"line":109,"column":6},"end":{"line":109,"column":54}},"29":{"start":{"line":110,"column":6},"end":{"line":114,"column":8}},"30":{"start":{"line":116,"column":27},"end":{"line":116,"column":83}},"31":{"start":{"line":117,"column":6},"end":{"line":117,"column":72}},"32":{"start":{"line":120,"column":6},"end":{"line":126,"column":7}},"33":{"start":{"line":121,"column":8},"end":{"line":125,"column":10}},"34":{"start":{"line":128,"column":6},"end":{"line":132,"column":8}},"35":{"start":{"line":137,"column":4},"end":{"line":167,"column":5}},"36":{"start":{"line":138,"column":6},"end":{"line":138,"column":60}},"37":{"start":{"line":140,"column":26},"end":{"line":140,"column":50}},"38":{"start":{"line":141,"column":25},"end":{"line":141,"column":58}},"39":{"start":{"line":143,"column":6},"end":{"line":149,"column":7}},"40":{"start":{"line":144,"column":8},"end":{"line":144,"column":47}},"41":{"start":{"line":145,"column":8},"end":{"line":148,"column":10}},"42":{"start":{"line":151,"column":19},"end":{"line":151,"column":50}},"43":{"start":{"line":153,"column":6},"end":{"line":153,"column":59}},"44":{"start":{"line":154,"column":6},"end":{"line":157,"column":8}},"45":{"start":{"line":159,"column":27},"end":{"line":159,"column":83}},"46":{"start":{"line":160,"column":6},"end":{"line":160,"column":76}},"47":{"start":{"line":162,"column":6},"end":{"line":166,"column":8}},"48":{"start":{"line":171,"column":4},"end":{"line":191,"column":5}},"49":{"start":{"line":172,"column":6},"end":{"line":172,"column":58}},"50":{"start":{"line":174,"column":26},"end":{"line":174,"column":50}},"51":{"start":{"line":175,"column":6},"end":{"line":175,"column":43}},"52":{"start":{"line":177,"column":6},"end":{"line":177,"column":56}},"53":{"start":{"line":178,"column":6},"end":{"line":181,"column":8}},"54":{"start":{"line":183,"column":27},"end":{"line":183,"column":83}},"55":{"start":{"line":184,"column":6},"end":{"line":184,"column":74}},"56":{"start":{"line":186,"column":6},"end":{"line":190,"column":8}},"57":{"start":{"line":195,"column":4},"end":{"line":212,"column":5}},"58":{"start":{"line":196,"column":26},"end":{"line":196,"column":50}},"59":{"start":{"line":197,"column":21},"end":{"line":197,"column":63}},"60":{"start":{"line":199,"column":6},"end":{"line":202,"column":8}},"61":{"start":{"line":204,"column":27},"end":{"line":204,"column":83}},"62":{"start":{"line":205,"column":6},"end":{"line":205,"column":82}},"63":{"start":{"line":207,"column":6},"end":{"line":211,"column":8}},"64":{"start":{"line":216,"column":4},"end":{"line":246,"column":5}},"65":{"start":{"line":217,"column":6},"end":{"line":217,"column":47}},"66":{"start":{"line":219,"column":25},"end":{"line":221,"column":57}},"67":{"start":{"line":223,"column":29},"end":{"line":223,"column":31}},"68":{"start":{"line":225,"column":6},"end":{"line":230,"column":7}},"69":{"start":{"line":225,"column":19},"end":{"line":225,"column":20}},"70":{"start":{"line":226,"column":20},"end":{"line":226,"column":39}},"71":{"start":{"line":227,"column":8},"end":{"line":229,"column":9}},"72":{"start":{"line":228,"column":10},"end":{"line":228,"column":51}},"73":{"start":{"line":232,"column":6},"end":{"line":232,"column":71}},"74":{"start":{"line":233,"column":6},"end":{"line":236,"column":8}},"75":{"start":{"line":238,"column":27},"end":{"line":238,"column":83}},"76":{"start":{"line":239,"column":6},"end":{"line":239,"column":67}},"77":{"start":{"line":241,"column":6},"end":{"line":245,"column":8}},"78":{"start":{"line":250,"column":4},"end":{"line":285,"column":5}},"79":{"start":{"line":251,"column":6},"end":{"line":251,"column":51}},"80":{"start":{"line":253,"column":6},"end":{"line":269,"column":7}},"81":{"start":{"line":255,"column":23},"end":{"line":255,"column":46}},"82":{"start":{"line":256,"column":8},"end":{"line":260,"column":9}},"83":{"start":{"line":257,"column":10},"end":{"line":259,"column":11}},"84":{"start":{"line":258,"column":12},"end":{"line":258,"column":35}},"85":{"start":{"line":263,"column":23},"end":{"line":263,"column":40}},"86":{"start":{"line":264,"column":8},"end":{"line":268,"column":9}},"87":{"start":{"line":265,"column":10},"end":{"line":267,"column":11}},"88":{"start":{"line":266,"column":12},"end":{"line":266,"column":35}},"89":{"start":{"line":271,"column":6},"end":{"line":271,"column":62}},"90":{"start":{"line":272,"column":6},"end":{"line":275,"column":8}},"91":{"start":{"line":277,"column":27},"end":{"line":277,"column":83}},"92":{"start":{"line":278,"column":6},"end":{"line":278,"column":71}},"93":{"start":{"line":280,"column":6},"end":{"line":284,"column":8}},"94":{"start":{"line":289,"column":4},"end":{"line":327,"column":5}},"95":{"start":{"line":290,"column":21},"end":{"line":290,"column":38}},"96":{"start":{"line":292,"column":6},"end":{"line":297,"column":7}},"97":{"start":{"line":293,"column":8},"end":{"line":296,"column":10}},"98":{"start":{"line":299,"column":22},"end":{"line":299,"column":23}},"99":{"start":{"line":300,"column":6},"end":{"line":306,"column":7}},"100":{"start":{"line":301,"column":28},"end":{"line":301,"column":52}},"101":{"start":{"line":302,"column":21},"end":{"line":302,"column":54}},"102":{"start":{"line":303,"column":8},"end":{"line":305,"column":9}},"103":{"start":{"line":304,"column":10},"end":{"line":304,"column":48}},"104":{"start":{"line":308,"column":34},"end":{"line":311,"column":7}},"105":{"start":{"line":313,"column":6},"end":{"line":313,"column":53}},"106":{"start":{"line":314,"column":6},"end":{"line":317,"column":8}},"107":{"start":{"line":319,"column":27},"end":{"line":319,"column":83}},"108":{"start":{"line":320,"column":6},"end":{"line":320,"column":75}},"109":{"start":{"line":322,"column":6},"end":{"line":326,"column":8}}},"fnMap":{"0":{"name":"(anonymous_0)","decl":{"start":{"line":24,"column":2},"end":{"line":24,"column":3}},"loc":{"start":{"line":24,"column":51},"end":{"line":27,"column":3}},"line":24},"1":{"name":"(anonymous_1)","decl":{"start":{"line":32,"column":2},"end":{"line":32,"column":3}},"loc":{"start":{"line":32,"column":46},"end":{"line":41,"column":3}},"line":32},"2":{"name":"(anonymous_2)","decl":{"start":{"line":46,"column":2},"end":{"line":46,"column":3}},"loc":{"start":{"line":46,"column":46},"end":{"line":48,"column":3}},"line":46},"3":{"name":"(anonymous_3)","decl":{"start":{"line":53,"column":2},"end":{"line":53,"column":3}},"loc":{"start":{"line":53,"column":59},"end":{"line":58,"column":3}},"line":53},"4":{"name":"(anonymous_4)","decl":{"start":{"line":63,"column":2},"end":{"line":63,"column":3}},"loc":{"start":{"line":63,"column":40},"end":{"line":73,"column":3}},"line":63},"5":{"name":"(anonymous_5)","decl":{"start":{"line":78,"column":2},"end":{"line":78,"column":3}},"loc":{"start":{"line":78,"column":42},"end":{"line":85,"column":3}},"line":78},"6":{"name":"(anonymous_6)","decl":{"start":{"line":90,"column":2},"end":{"line":90,"column":3}},"loc":{"start":{"line":90,"column":47},"end":{"line":92,"column":3}},"line":90},"7":{"name":"(anonymous_7)","decl":{"start":{"line":94,"column":2},"end":{"line":94,"column":3}},"loc":{"start":{"line":94,"column":65},"end":{"line":134,"column":3}},"line":94},"8":{"name":"(anonymous_8)","decl":{"start":{"line":136,"column":2},"end":{"line":136,"column":3}},"loc":{"start":{"line":136,"column":55},"end":{"line":168,"column":3}},"line":136},"9":{"name":"(anonymous_9)","decl":{"start":{"line":170,"column":2},"end":{"line":170,"column":3}},"loc":{"start":{"line":170,"column":58},"end":{"line":192,"column":3}},"line":170},"10":{"name":"(anonymous_10)","decl":{"start":{"line":194,"column":2},"end":{"line":194,"column":3}},"loc":{"start":{"line":194,"column":61},"end":{"line":213,"column":3}},"line":194},"11":{"name":"(anonymous_11)","decl":{"start":{"line":215,"column":2},"end":{"line":215,"column":3}},"loc":{"start":{"line":215,"column":64},"end":{"line":247,"column":3}},"line":215},"12":{"name":"(anonymous_12)","decl":{"start":{"line":249,"column":2},"end":{"line":249,"column":3}},"loc":{"start":{"line":249,"column":61},"end":{"line":286,"column":3}},"line":249},"13":{"name":"(anonymous_13)","decl":{"start":{"line":288,"column":2},"end":{"line":288,"column":3}},"loc":{"start":{"line":288,"column":57},"end":{"line":328,"column":3}},"line":288}},"branchMap":{"0":{"loc":{"start":{"line":24,"column":14},"end":{"line":24,"column":49}},"type":"default-arg","locations":[{"start":{"line":24,"column":47},"end":{"line":24,"column":49}}],"line":24},"1":{"loc":{"start":{"line":55,"column":11},"end":{"line":57,"column":19}},"type":"cond-expr","locations":[{"start":{"line":56,"column":8},"end":{"line":56,"column":44}},{"start":{"line":57,"column":8},"end":{"line":57,"column":19}}],"line":55},"2":{"loc":{"start":{"line":71,"column":51},"end":{"line":71,"column":107}},"type":"cond-expr","locations":[{"start":{"line":71,"column":76},"end":{"line":71,"column":89}},{"start":{"line":71,"column":92},"end":{"line":71,"column":107}}],"line":71},"3":{"loc":{"start":{"line":83,"column":53},"end":{"line":83,"column":109}},"type":"cond-expr","locations":[{"start":{"line":83,"column":78},"end":{"line":83,"column":91}},{"start":{"line":83,"column":94},"end":{"line":83,"column":109}}],"line":83},"4":{"loc":{"start":{"line":103,"column":6},"end":{"line":105,"column":7}},"type":"if","locations":[{"start":{"line":103,"column":6},"end":{"line":105,"column":7}},{"start":{},"end":{}}],"line":103},"5":{"loc":{"start":{"line":116,"column":27},"end":{"line":116,"column":83}},"type":"cond-expr","locations":[{"start":{"line":116,"column":52},"end":{"line":116,"column":65}},{"start":{"line":116,"column":68},"end":{"line":116,"column":83}}],"line":116},"6":{"loc":{"start":{"line":120,"column":6},"end":{"line":126,"column":7}},"type":"if","locations":[{"start":{"line":120,"column":6},"end":{"line":126,"column":7}},{"start":{},"end":{}}],"line":120},"7":{"loc":{"start":{"line":120,"column":10},"end":{"line":120,"column":87}},"type":"binary-expr","locations":[{"start":{"line":120,"column":10},"end":{"line":120,"column":40}},{"start":{"line":120,"column":44},"end":{"line":120,"column":87}}],"line":120},"8":{"loc":{"start":{"line":143,"column":6},"end":{"line":149,"column":7}},"type":"if","locations":[{"start":{"line":143,"column":6},"end":{"line":149,"column":7}},{"start":{},"end":{}}],"line":143},"9":{"loc":{"start":{"line":159,"column":27},"end":{"line":159,"column":83}},"type":"cond-expr","locations":[{"start":{"line":159,"column":52},"end":{"line":159,"column":65}},{"start":{"line":159,"column":68},"end":{"line":159,"column":83}}],"line":159},"10":{"loc":{"start":{"line":183,"column":27},"end":{"line":183,"column":83}},"type":"cond-expr","locations":[{"start":{"line":183,"column":52},"end":{"line":183,"column":65}},{"start":{"line":183,"column":68},"end":{"line":183,"column":83}}],"line":183},"11":{"loc":{"start":{"line":204,"column":27},"end":{"line":204,"column":83}},"type":"cond-expr","locations":[{"start":{"line":204,"column":52},"end":{"line":204,"column":65}},{"start":{"line":204,"column":68},"end":{"line":204,"column":83}}],"line":204},"12":{"loc":{"start":{"line":219,"column":25},"end":{"line":221,"column":57}},"type":"cond-expr","locations":[{"start":{"line":220,"column":10},"end":{"line":220,"column":37}},{"start":{"line":221,"column":10},"end":{"line":221,"column":57}}],"line":219},"13":{"loc":{"start":{"line":227,"column":8},"end":{"line":229,"column":9}},"type":"if","locations":[{"start":{"line":227,"column":8},"end":{"line":229,"column":9}},{"start":{},"end":{}}],"line":227},"14":{"loc":{"start":{"line":227,"column":12},"end":{"line":227,"column":45}},"type":"binary-expr","locations":[{"start":{"line":227,"column":12},"end":{"line":227,"column":15}},{"start":{"line":227,"column":19},"end":{"line":227,"column":45}}],"line":227},"15":{"loc":{"start":{"line":238,"column":27},"end":{"line":238,"column":83}},"type":"cond-expr","locations":[{"start":{"line":238,"column":52},"end":{"line":238,"column":65}},{"start":{"line":238,"column":68},"end":{"line":238,"column":83}}],"line":238},"16":{"loc":{"start":{"line":253,"column":6},"end":{"line":269,"column":7}},"type":"if","locations":[{"start":{"line":253,"column":6},"end":{"line":269,"column":7}},{"start":{"line":261,"column":13},"end":{"line":269,"column":7}}],"line":253},"17":{"loc":{"start":{"line":256,"column":8},"end":{"line":260,"column":9}},"type":"if","locations":[{"start":{"line":256,"column":8},"end":{"line":260,"column":9}},{"start":{},"end":{}}],"line":256},"18":{"loc":{"start":{"line":256,"column":12},"end":{"line":256,"column":41}},"type":"binary-expr","locations":[{"start":{"line":256,"column":12},"end":{"line":256,"column":26}},{"start":{"line":256,"column":30},"end":{"line":256,"column":41}}],"line":256},"19":{"loc":{"start":{"line":264,"column":8},"end":{"line":268,"column":9}},"type":"if","locations":[{"start":{"line":264,"column":8},"end":{"line":268,"column":9}},{"start":{},"end":{}}],"line":264},"20":{"loc":{"start":{"line":264,"column":12},"end":{"line":264,"column":41}},"type":"binary-expr","locations":[{"start":{"line":264,"column":12},"end":{"line":264,"column":26}},{"start":{"line":264,"column":30},"end":{"line":264,"column":41}}],"line":264},"21":{"loc":{"start":{"line":277,"column":27},"end":{"line":277,"column":83}},"type":"cond-expr","locations":[{"start":{"line":277,"column":52},"end":{"line":277,"column":65}},{"start":{"line":277,"column":68},"end":{"line":277,"column":83}}],"line":277},"22":{"loc":{"start":{"line":292,"column":6},"end":{"line":297,"column":7}},"type":"if","locations":[{"start":{"line":292,"column":6},"end":{"line":297,"column":7}},{"start":{},"end":{}}],"line":292},"23":{"loc":{"start":{"line":292,"column":10},"end":{"line":292,"column":41}},"type":"binary-expr","locations":[{"start":{"line":292,"column":10},"end":{"line":292,"column":25}},{"start":{"line":292,"column":29},"end":{"line":292,"column":41}}],"line":292},"24":{"loc":{"start":{"line":303,"column":8},"end":{"line":305,"column":9}},"type":"if","locations":[{"start":{"line":303,"column":8},"end":{"line":305,"column":9}},{"start":{},"end":{}}],"line":303},"25":{"loc":{"start":{"line":319,"column":27},"end":{"line":319,"column":83}},"type":"cond-expr","locations":[{"start":{"line":319,"column":52},"end":{"line":319,"column":65}},{"start":{"line":319,"column":68},"end":{"line":319,"column":83}}],"line":319}},"s":{"0":1,"1":13,"2":13,"3":13,"4":13,"5":13,"6":13,"7":0,"8":0,"9":29,"10":9,"11":9,"12":15,"13":15,"14":0,"15":2,"16":2,"17":2,"18":0,"19":18,"20":15,"21":15,"22":15,"23":15,"24":15,"25":15,"26":0,"27":15,"28":15,"29":15,"30":0,"31":0,"32":0,"33":0,"34":0,"35":4,"36":4,"37":4,"38":4,"39":4,"40":2,"41":2,"42":2,"43":2,"44":2,"45":0,"46":0,"47":0,"48":4,"49":4,"50":4,"51":4,"52":4,"53":4,"54":0,"55":0,"56":0,"57":2,"58":2,"59":2,"60":2,"61":0,"62":0,"63":0,"64":6,"65":6,"66":6,"67":6,"68":6,"69":6,"70":10,"71":10,"72":9,"73":6,"74":6,"75":0,"76":0,"77":0,"78":1,"79":1,"80":1,"81":0,"82":0,"83":0,"84":0,"85":1,"86":1,"87":1,"88":2,"89":1,"90":1,"91":0,"92":0,"93":0,"94":2,"95":2,"96":2,"97":0,"98":2,"99":2,"100":3,"101":3,"102":3,"103":3,"104":2,"105":2,"106":2,"107":0,"108":0,"109":0},"f":{"0":13,"1":13,"2":29,"3":9,"4":15,"5":2,"6":18,"7":15,"8":4,"9":4,"10":2,"11":6,"12":1,"13":2},"b":{"0":[0],"1":[9,0],"2":[0,0],"3":[0,0],"4":[0,15],"5":[0,0],"6":[0,0],"7":[0,0],"8":[2,2],"9":[0,0],"10":[0,0],"11":[0,0],"12":[1,5],"13":[9,1],"14":[10,10],"15":[0,0],"16":[0,1],"17":[0,0],"18":[0,0],"19":[1,0],"20":[1,1],"21":[0,0],"22":[0,2],"23":[2,2],"24":[3,0],"25":[0,0]},"_coverageSchema":"1a1c01bbd47fc00a2c39e90264f33305004495a9","hash":"b757405844367c565981c9f60807035412b200c2"}
,"/Users/momarm45/Documents/project/omarmuneercoder/src/services/ResumeService.ts": {"path":"/Users/momarm45/Documents/project/omarmuneercoder/src/services/ResumeService.ts","statementMap":{"0":{"start":{"line":41,"column":22},"end":{"line":41,"column":30}},"1":{"start":{"line":42,"column":24},"end":{"line":42,"column":37}},"2":{"start":{"line":46,"column":4},"end":{"line":46,"column":46}},"3":{"start":{"line":53,"column":4},"end":{"line":53,"column":73}},"4":{"start":{"line":60,"column":4},"end":{"line":60,"column":36}},"5":{"start":{"line":67,"column":16},"end":{"line":67,"column":17}},"6":{"start":{"line":68,"column":20},"end":{"line":74,"column":5}},"7":{"start":{"line":77,"column":27},"end":{"line":77,"column":82}},"8":{"start":{"line":78,"column":4},"end":{"line":78,"column":93}},"9":{"start":{"line":81,"column":4},"end":{"line":85,"column":5}},"10":{"start":{"line":82,"column":6},"end":{"line":82,"column":31}},"11":{"start":{"line":83,"column":11},"end":{"line":85,"column":5}},"12":{"start":{"line":84,"column":6},"end":{"line":84,"column":60}},"13":{"start":{"line":88,"column":4},"end":{"line":94,"column":5}},"14":{"start":{"line":89,"column":30},"end":{"line":92,"column":36}},"15":{"start":{"line":90,"column":23},"end":{"line":90,"column":102}},"16":{"start":{"line":91,"column":8},"end":{"line":91,"column":34}},"17":{"start":{"line":93,"column":6},"end":{"line":93,"column":52}},"18":{"start":{"line":97,"column":4},"end":{"line":99,"column":5}},"19":{"start":{"line":98,"column":6},"end":{"line":98,"column":33}},"20":{"start":{"line":102,"column":4},"end":{"line":106,"column":5}},"21":{"start":{"line":103,"column":6},"end":{"line":103,"column":30}},"22":{"start":{"line":105,"column":6},"end":{"line":105,"column":57}},"23":{"start":{"line":108,"column":4},"end":{"line":108,"column":29}},"24":{"start":{"line":115,"column":19},"end":{"line":115,"column":76}},"25":{"start":{"line":116,"column":4},"end":{"line":116,"column":60}},"26":{"start":{"line":123,"column":4},"end":{"line":123,"column":51}},"27":{"start":{"line":130,"column":4},"end":{"line":182,"column":5}},"28":{"start":{"line":131,"column":6},"end":{"line":131,"column":51}},"29":{"start":{"line":133,"column":17},"end":{"line":133,"column":34}},"30":{"start":{"line":134,"column":18},"end":{"line":134,"column":42}},"31":{"start":{"line":135,"column":32},"end":{"line":135,"column":69}},"32":{"start":{"line":137,"column":29},"end":{"line":148,"column":7}},"33":{"start":{"line":151,"column":25},"end":{"line":151,"column":79}},"34":{"start":{"line":152,"column":6},"end":{"line":154,"column":7}},"35":{"start":{"line":153,"column":8},"end":{"line":153,"column":26}},"36":{"start":{"line":157,"column":19},"end":{"line":157,"column":45}},"37":{"start":{"line":158,"column":6},"end":{"line":164,"column":9}},"38":{"start":{"line":165,"column":6},"end":{"line":165,"column":40}},"39":{"start":{"line":167,"column":6},"end":{"line":167,"column":63}},"40":{"start":{"line":168,"column":6},"end":{"line":172,"column":8}},"41":{"start":{"line":174,"column":27},"end":{"line":174,"column":83}},"42":{"start":{"line":175,"column":6},"end":{"line":175,"column":77}},"43":{"start":{"line":177,"column":6},"end":{"line":181,"column":8}},"44":{"start":{"line":189,"column":4},"end":{"line":212,"column":5}},"45":{"start":{"line":190,"column":6},"end":{"line":190,"column":45}},"46":{"start":{"line":192,"column":21},"end":{"line":192,"column":74}},"47":{"start":{"line":194,"column":6},"end":{"line":199,"column":7}},"48":{"start":{"line":195,"column":8},"end":{"line":198,"column":10}},"49":{"start":{"line":201,"column":6},"end":{"line":201,"column":47}},"50":{"start":{"line":202,"column":6},"end":{"line":202,"column":20}},"51":{"start":{"line":204,"column":27},"end":{"line":204,"column":83}},"52":{"start":{"line":205,"column":6},"end":{"line":205,"column":72}},"53":{"start":{"line":207,"column":6},"end":{"line":211,"column":8}},"54":{"start":{"line":219,"column":4},"end":{"line":289,"column":5}},"55":{"start":{"line":220,"column":6},"end":{"line":220,"column":45}},"56":{"start":{"line":223,"column":29},"end":{"line":223,"column":47}},"57":{"start":{"line":224,"column":6},"end":{"line":229,"column":7}},"58":{"start":{"line":225,"column":8},"end":{"line":228,"column":10}},"59":{"start":{"line":231,"column":23},"end":{"line":231,"column":42}},"60":{"start":{"line":232,"column":18},"end":{"line":232,"column":42}},"61":{"start":{"line":235,"column":30},"end":{"line":235,"column":66}},"62":{"start":{"line":236,"column":6},"end":{"line":238,"column":7}},"63":{"start":{"line":237,"column":8},"end":{"line":237,"column":71}},"64":{"start":{"line":241,"column":30},"end":{"line":252,"column":7}},"65":{"start":{"line":255,"column":25},"end":{"line":255,"column":80}},"66":{"start":{"line":256,"column":6},"end":{"line":258,"column":7}},"67":{"start":{"line":257,"column":8},"end":{"line":257,"column":26}},"68":{"start":{"line":261,"column":19},"end":{"line":261,"column":45}},"69":{"start":{"line":262,"column":20},"end":{"line":262,"column":58}},"70":{"start":{"line":262,"column":43},"end":{"line":262,"column":57}},"71":{"start":{"line":263,"column":6},"end":{"line":272,"column":7}},"72":{"start":{"line":264,"column":8},"end":{"line":270,"column":10}},"73":{"start":{"line":271,"column":8},"end":{"line":271,"column":42}},"74":{"start":{"line":274,"column":6},"end":{"line":274,"column":57}},"75":{"start":{"line":275,"column":6},"end":{"line":279,"column":8}},"76":{"start":{"line":281,"column":27},"end":{"line":281,"column":83}},"77":{"start":{"line":282,"column":6},"end":{"line":282,"column":75}},"78":{"start":{"line":284,"column":6},"end":{"line":288,"column":8}},"79":{"start":{"line":296,"column":4},"end":{"line":324,"column":5}},"80":{"start":{"line":297,"column":6},"end":{"line":297,"column":45}},"81":{"start":{"line":300,"column":27},"end":{"line":300,"column":75}},"82":{"start":{"line":301,"column":6},"end":{"line":303,"column":7}},"83":{"start":{"line":302,"column":8},"end":{"line":302,"column":28}},"84":{"start":{"line":306,"column":19},"end":{"line":306,"column":45}},"85":{"start":{"line":307,"column":23},"end":{"line":307,"column":58}},"86":{"start":{"line":307,"column":43},"end":{"line":307,"column":57}},"87":{"start":{"line":308,"column":6},"end":{"line":308,"column":44}},"88":{"start":{"line":310,"column":6},"end":{"line":310,"column":57}},"89":{"start":{"line":311,"column":6},"end":{"line":314,"column":8}},"90":{"start":{"line":316,"column":27},"end":{"line":316,"column":83}},"91":{"start":{"line":317,"column":6},"end":{"line":317,"column":75}},"92":{"start":{"line":319,"column":6},"end":{"line":323,"column":8}},"93":{"start":{"line":331,"column":4},"end":{"line":353,"column":5}},"94":{"start":{"line":332,"column":6},"end":{"line":332,"column":42}},"95":{"start":{"line":334,"column":19},"end":{"line":334,"column":45}},"96":{"start":{"line":337,"column":6},"end":{"line":337,"column":93}},"97":{"start":{"line":337,"column":26},"end":{"line":337,"column":91}},"98":{"start":{"line":339,"column":6},"end":{"line":339,"column":61}},"99":{"start":{"line":340,"column":6},"end":{"line":343,"column":8}},"100":{"start":{"line":345,"column":27},"end":{"line":345,"column":83}},"101":{"start":{"line":346,"column":6},"end":{"line":346,"column":70}},"102":{"start":{"line":348,"column":6},"end":{"line":352,"column":8}},"103":{"start":{"line":360,"column":4},"end":{"line":386,"column":5}},"104":{"start":{"line":361,"column":6},"end":{"line":361,"column":57}},"105":{"start":{"line":364,"column":29},"end":{"line":364,"column":47}},"106":{"start":{"line":365,"column":6},"end":{"line":370,"column":7}},"107":{"start":{"line":366,"column":8},"end":{"line":369,"column":10}},"108":{"start":{"line":372,"column":23},"end":{"line":372,"column":42}},"109":{"start":{"line":373,"column":19},"end":{"line":373,"column":55}},"110":{"start":{"line":376,"column":6},"end":{"line":376,"column":71}},"111":{"start":{"line":378,"column":27},"end":{"line":378,"column":83}},"112":{"start":{"line":379,"column":6},"end":{"line":379,"column":78}},"113":{"start":{"line":381,"column":6},"end":{"line":385,"column":8}},"114":{"start":{"line":393,"column":4},"end":{"line":424,"column":5}},"115":{"start":{"line":394,"column":6},"end":{"line":394,"column":51}},"116":{"start":{"line":396,"column":25},"end":{"line":396,"column":42}},"117":{"start":{"line":397,"column":6},"end":{"line":399,"column":7}},"118":{"start":{"line":398,"column":8},"end":{"line":398,"column":26}},"119":{"start":{"line":401,"column":29},"end":{"line":401,"column":48}},"120":{"start":{"line":402,"column":23},"end":{"line":408,"column":8}},"121":{"start":{"line":403,"column":26},"end":{"line":403,"column":74}},"122":{"start":{"line":404,"column":26},"end":{"line":406,"column":9}},"123":{"start":{"line":405,"column":10},"end":{"line":405,"column":52}},"124":{"start":{"line":407,"column":8},"end":{"line":407,"column":38}},"125":{"start":{"line":410,"column":6},"end":{"line":410,"column":76}},"126":{"start":{"line":411,"column":6},"end":{"line":414,"column":8}},"127":{"start":{"line":416,"column":27},"end":{"line":416,"column":83}},"128":{"start":{"line":417,"column":6},"end":{"line":417,"column":79}},"129":{"start":{"line":419,"column":6},"end":{"line":423,"column":8}},"130":{"start":{"line":431,"column":4},"end":{"line":455,"column":5}},"131":{"start":{"line":432,"column":6},"end":{"line":432,"column":47}},"132":{"start":{"line":434,"column":25},"end":{"line":434,"column":42}},"133":{"start":{"line":435,"column":6},"end":{"line":437,"column":7}},"134":{"start":{"line":436,"column":8},"end":{"line":436,"column":26}},"135":{"start":{"line":439,"column":24},"end":{"line":439,"column":79}},"136":{"start":{"line":439,"column":55},"end":{"line":439,"column":78}},"137":{"start":{"line":441,"column":6},"end":{"line":441,"column":71}},"138":{"start":{"line":442,"column":6},"end":{"line":445,"column":8}},"139":{"start":{"line":447,"column":27},"end":{"line":447,"column":83}},"140":{"start":{"line":448,"column":6},"end":{"line":448,"column":71}},"141":{"start":{"line":450,"column":6},"end":{"line":454,"column":8}},"142":{"start":{"line":462,"column":4},"end":{"line":489,"column":5}},"143":{"start":{"line":463,"column":29},"end":{"line":463,"column":47}},"144":{"start":{"line":464,"column":6},"end":{"line":469,"column":7}},"145":{"start":{"line":465,"column":8},"end":{"line":468,"column":10}},"146":{"start":{"line":471,"column":23},"end":{"line":471,"column":42}},"147":{"start":{"line":472,"column":23},"end":{"line":472,"column":51}},"148":{"start":{"line":474,"column":6},"end":{"line":479,"column":9}},"149":{"start":{"line":481,"column":27},"end":{"line":481,"column":83}},"150":{"start":{"line":482,"column":6},"end":{"line":482,"column":77}},"151":{"start":{"line":484,"column":6},"end":{"line":488,"column":8}}},"fnMap":{"0":{"name":"(anonymous_0)","decl":{"start":{"line":45,"column":2},"end":{"line":45,"column":3}},"loc":{"start":{"line":45,"column":48},"end":{"line":47,"column":3}},"line":45},"1":{"name":"(anonymous_1)","decl":{"start":{"line":52,"column":2},"end":{"line":52,"column":3}},"loc":{"start":{"line":52,"column":31},"end":{"line":54,"column":3}},"line":52},"2":{"name":"(anonymous_2)","decl":{"start":{"line":59,"column":2},"end":{"line":59,"column":3}},"loc":{"start":{"line":59,"column":43},"end":{"line":61,"column":3}},"line":59},"3":{"name":"(anonymous_3)","decl":{"start":{"line":66,"column":2},"end":{"line":66,"column":3}},"loc":{"start":{"line":66,"column":63},"end":{"line":109,"column":3}},"line":66},"4":{"name":"(anonymous_4)","decl":{"start":{"line":89,"column":53},"end":{"line":89,"column":54}},"loc":{"start":{"line":89,"column":67},"end":{"line":92,"column":7}},"line":89},"5":{"name":"(anonymous_5)","decl":{"start":{"line":114,"column":2},"end":{"line":114,"column":3}},"loc":{"start":{"line":114,"column":59},"end":{"line":117,"column":3}},"line":114},"6":{"name":"(anonymous_6)","decl":{"start":{"line":122,"column":2},"end":{"line":122,"column":3}},"loc":{"start":{"line":122,"column":72},"end":{"line":124,"column":3}},"line":122},"7":{"name":"(anonymous_7)","decl":{"start":{"line":129,"column":2},"end":{"line":129,"column":3}},"loc":{"start":{"line":129,"column":121},"end":{"line":183,"column":3}},"line":129},"8":{"name":"(anonymous_8)","decl":{"start":{"line":188,"column":2},"end":{"line":188,"column":3}},"loc":{"start":{"line":188,"column":62},"end":{"line":213,"column":3}},"line":188},"9":{"name":"(anonymous_9)","decl":{"start":{"line":218,"column":2},"end":{"line":218,"column":3}},"loc":{"start":{"line":218,"column":88},"end":{"line":290,"column":3}},"line":218},"10":{"name":"(anonymous_10)","decl":{"start":{"line":262,"column":35},"end":{"line":262,"column":36}},"loc":{"start":{"line":262,"column":43},"end":{"line":262,"column":57}},"line":262},"11":{"name":"(anonymous_11)","decl":{"start":{"line":295,"column":2},"end":{"line":295,"column":3}},"loc":{"start":{"line":295,"column":63},"end":{"line":325,"column":3}},"line":295},"12":{"name":"(anonymous_12)","decl":{"start":{"line":307,"column":35},"end":{"line":307,"column":36}},"loc":{"start":{"line":307,"column":43},"end":{"line":307,"column":57}},"line":307},"13":{"name":"(anonymous_13)","decl":{"start":{"line":330,"column":2},"end":{"line":330,"column":3}},"loc":{"start":{"line":330,"column":63},"end":{"line":354,"column":3}},"line":330},"14":{"name":"(anonymous_14)","decl":{"start":{"line":337,"column":16},"end":{"line":337,"column":17}},"loc":{"start":{"line":337,"column":26},"end":{"line":337,"column":91}},"line":337},"15":{"name":"(anonymous_15)","decl":{"start":{"line":359,"column":2},"end":{"line":359,"column":3}},"loc":{"start":{"line":359,"column":86},"end":{"line":387,"column":3}},"line":359},"16":{"name":"(anonymous_16)","decl":{"start":{"line":392,"column":2},"end":{"line":392,"column":3}},"loc":{"start":{"line":392,"column":78},"end":{"line":425,"column":3}},"line":392},"17":{"name":"(anonymous_17)","decl":{"start":{"line":402,"column":46},"end":{"line":402,"column":47}},"loc":{"start":{"line":402,"column":54},"end":{"line":408,"column":7}},"line":402},"18":{"name":"(anonymous_18)","decl":{"start":{"line":404,"column":52},"end":{"line":404,"column":53}},"loc":{"start":{"line":405,"column":10},"end":{"line":405,"column":52}},"line":405},"19":{"name":"(anonymous_19)","decl":{"start":{"line":430,"column":2},"end":{"line":430,"column":3}},"loc":{"start":{"line":430,"column":71},"end":{"line":456,"column":3}},"line":430},"20":{"name":"(anonymous_20)","decl":{"start":{"line":439,"column":47},"end":{"line":439,"column":48}},"loc":{"start":{"line":439,"column":55},"end":{"line":439,"column":78}},"line":439},"21":{"name":"(anonymous_21)","decl":{"start":{"line":461,"column":2},"end":{"line":461,"column":3}},"loc":{"start":{"line":461,"column":73},"end":{"line":490,"column":3}},"line":461}},"branchMap":{"0":{"loc":{"start":{"line":81,"column":4},"end":{"line":85,"column":5}},"type":"if","locations":[{"start":{"line":81,"column":4},"end":{"line":85,"column":5}},{"start":{"line":83,"column":11},"end":{"line":85,"column":5}}],"line":81},"1":{"loc":{"start":{"line":81,"column":8},"end":{"line":81,"column":48}},"type":"binary-expr","locations":[{"start":{"line":81,"column":8},"end":{"line":81,"column":20}},{"start":{"line":81,"column":24},"end":{"line":81,"column":48}}],"line":81},"2":{"loc":{"start":{"line":83,"column":11},"end":{"line":85,"column":5}},"type":"if","locations":[{"start":{"line":83,"column":11},"end":{"line":85,"column":5}},{"start":{},"end":{}}],"line":83},"3":{"loc":{"start":{"line":88,"column":4},"end":{"line":94,"column":5}},"type":"if","locations":[{"start":{"line":88,"column":4},"end":{"line":94,"column":5}},{"start":{},"end":{}}],"line":88},"4":{"loc":{"start":{"line":97,"column":4},"end":{"line":99,"column":5}},"type":"if","locations":[{"start":{"line":97,"column":4},"end":{"line":99,"column":5}},{"start":{},"end":{}}],"line":97},"5":{"loc":{"start":{"line":102,"column":4},"end":{"line":106,"column":5}},"type":"if","locations":[{"start":{"line":102,"column":4},"end":{"line":106,"column":5}},{"start":{"line":104,"column":11},"end":{"line":106,"column":5}}],"line":102},"6":{"loc":{"start":{"line":116,"column":11},"end":{"line":116,"column":59}},"type":"cond-expr","locations":[{"start":{"line":116,"column":43},"end":{"line":116,"column":54}},{"start":{"line":116,"column":57},"end":{"line":116,"column":59}}],"line":116},"7":{"loc":{"start":{"line":116,"column":11},"end":{"line":116,"column":40}},"type":"binary-expr","locations":[{"start":{"line":116,"column":11},"end":{"line":116,"column":25}},{"start":{"line":116,"column":29},"end":{"line":116,"column":40}}],"line":116},"8":{"loc":{"start":{"line":152,"column":6},"end":{"line":154,"column":7}},"type":"if","locations":[{"start":{"line":152,"column":6},"end":{"line":154,"column":7}},{"start":{},"end":{}}],"line":152},"9":{"loc":{"start":{"line":174,"column":27},"end":{"line":174,"column":83}},"type":"cond-expr","locations":[{"start":{"line":174,"column":52},"end":{"line":174,"column":65}},{"start":{"line":174,"column":68},"end":{"line":174,"column":83}}],"line":174},"10":{"loc":{"start":{"line":194,"column":6},"end":{"line":199,"column":7}},"type":"if","locations":[{"start":{"line":194,"column":6},"end":{"line":199,"column":7}},{"start":{},"end":{}}],"line":194},"11":{"loc":{"start":{"line":204,"column":27},"end":{"line":204,"column":83}},"type":"cond-expr","locations":[{"start":{"line":204,"column":52},"end":{"line":204,"column":65}},{"start":{"line":204,"column":68},"end":{"line":204,"column":83}}],"line":204},"12":{"loc":{"start":{"line":224,"column":6},"end":{"line":229,"column":7}},"type":"if","locations":[{"start":{"line":224,"column":6},"end":{"line":229,"column":7}},{"start":{},"end":{}}],"line":224},"13":{"loc":{"start":{"line":224,"column":10},"end":{"line":224,"column":57}},"type":"binary-expr","locations":[{"start":{"line":224,"column":10},"end":{"line":224,"column":33}},{"start":{"line":224,"column":37},"end":{"line":224,"column":57}}],"line":224},"14":{"loc":{"start":{"line":236,"column":6},"end":{"line":238,"column":7}},"type":"if","locations":[{"start":{"line":236,"column":6},"end":{"line":238,"column":7}},{"start":{},"end":{}}],"line":236},"15":{"loc":{"start":{"line":250,"column":20},"end":{"line":250,"column":51}},"type":"binary-expr","locations":[{"start":{"line":250,"column":20},"end":{"line":250,"column":46}},{"start":{"line":250,"column":50},"end":{"line":250,"column":51}}],"line":250},"16":{"loc":{"start":{"line":256,"column":6},"end":{"line":258,"column":7}},"type":"if","locations":[{"start":{"line":256,"column":6},"end":{"line":258,"column":7}},{"start":{},"end":{}}],"line":256},"17":{"loc":{"start":{"line":263,"column":6},"end":{"line":272,"column":7}},"type":"if","locations":[{"start":{"line":263,"column":6},"end":{"line":272,"column":7}},{"start":{},"end":{}}],"line":263},"18":{"loc":{"start":{"line":281,"column":27},"end":{"line":281,"column":83}},"type":"cond-expr","locations":[{"start":{"line":281,"column":52},"end":{"line":281,"column":65}},{"start":{"line":281,"column":68},"end":{"line":281,"column":83}}],"line":281},"19":{"loc":{"start":{"line":301,"column":6},"end":{"line":303,"column":7}},"type":"if","locations":[{"start":{"line":301,"column":6},"end":{"line":303,"column":7}},{"start":{},"end":{}}],"line":301},"20":{"loc":{"start":{"line":316,"column":27},"end":{"line":316,"column":83}},"type":"cond-expr","locations":[{"start":{"line":316,"column":52},"end":{"line":316,"column":65}},{"start":{"line":316,"column":68},"end":{"line":316,"column":83}}],"line":316},"21":{"loc":{"start":{"line":345,"column":27},"end":{"line":345,"column":83}},"type":"cond-expr","locations":[{"start":{"line":345,"column":52},"end":{"line":345,"column":65}},{"start":{"line":345,"column":68},"end":{"line":345,"column":83}}],"line":345},"22":{"loc":{"start":{"line":365,"column":6},"end":{"line":370,"column":7}},"type":"if","locations":[{"start":{"line":365,"column":6},"end":{"line":370,"column":7}},{"start":{},"end":{}}],"line":365},"23":{"loc":{"start":{"line":365,"column":10},"end":{"line":365,"column":57}},"type":"binary-expr","locations":[{"start":{"line":365,"column":10},"end":{"line":365,"column":33}},{"start":{"line":365,"column":37},"end":{"line":365,"column":57}}],"line":365},"24":{"loc":{"start":{"line":373,"column":19},"end":{"line":373,"column":55}},"type":"binary-expr","locations":[{"start":{"line":373,"column":19},"end":{"line":373,"column":26}},{"start":{"line":373,"column":30},"end":{"line":373,"column":55}}],"line":373},"25":{"loc":{"start":{"line":378,"column":27},"end":{"line":378,"column":83}},"type":"cond-expr","locations":[{"start":{"line":378,"column":52},"end":{"line":378,"column":65}},{"start":{"line":378,"column":68},"end":{"line":378,"column":83}}],"line":378},"26":{"loc":{"start":{"line":397,"column":6},"end":{"line":399,"column":7}},"type":"if","locations":[{"start":{"line":397,"column":6},"end":{"line":399,"column":7}},{"start":{},"end":{}}],"line":397},"27":{"loc":{"start":{"line":397,"column":10},"end":{"line":397,"column":49}},"type":"binary-expr","locations":[{"start":{"line":397,"column":10},"end":{"line":397,"column":29}},{"start":{"line":397,"column":33},"end":{"line":397,"column":49}}],"line":397},"28":{"loc":{"start":{"line":407,"column":15},"end":{"line":407,"column":37}},"type":"binary-expr","locations":[{"start":{"line":407,"column":15},"end":{"line":407,"column":24}},{"start":{"line":407,"column":28},"end":{"line":407,"column":37}}],"line":407},"29":{"loc":{"start":{"line":416,"column":27},"end":{"line":416,"column":83}},"type":"cond-expr","locations":[{"start":{"line":416,"column":52},"end":{"line":416,"column":65}},{"start":{"line":416,"column":68},"end":{"line":416,"column":83}}],"line":416},"30":{"loc":{"start":{"line":435,"column":6},"end":{"line":437,"column":7}},"type":"if","locations":[{"start":{"line":435,"column":6},"end":{"line":437,"column":7}},{"start":{},"end":{}}],"line":435},"31":{"loc":{"start":{"line":435,"column":10},"end":{"line":435,"column":49}},"type":"binary-expr","locations":[{"start":{"line":435,"column":10},"end":{"line":435,"column":29}},{"start":{"line":435,"column":33},"end":{"line":435,"column":49}}],"line":435},"32":{"loc":{"start":{"line":447,"column":27},"end":{"line":447,"column":83}},"type":"cond-expr","locations":[{"start":{"line":447,"column":52},"end":{"line":447,"column":65}},{"start":{"line":447,"column":68},"end":{"line":447,"column":83}}],"line":447},"33":{"loc":{"start":{"line":464,"column":6},"end":{"line":469,"column":7}},"type":"if","locations":[{"start":{"line":464,"column":6},"end":{"line":469,"column":7}},{"start":{},"end":{}}],"line":464},"34":{"loc":{"start":{"line":464,"column":10},"end":{"line":464,"column":57}},"type":"binary-expr","locations":[{"start":{"line":464,"column":10},"end":{"line":464,"column":33}},{"start":{"line":464,"column":37},"end":{"line":464,"column":57}}],"line":464},"35":{"loc":{"start":{"line":481,"column":27},"end":{"line":481,"column":83}},"type":"cond-expr","locations":[{"start":{"line":481,"column":52},"end":{"line":481,"column":65}},{"start":{"line":481,"column":68},"end":{"line":481,"column":83}}],"line":481}},"s":{"0":1,"1":1,"2":20,"3":25,"4":52,"5":26,"6":26,"7":26,"8":26,"9":26,"10":0,"11":26,"12":26,"13":26,"14":0,"15":0,"16":0,"17":0,"18":26,"19":0,"20":26,"21":26,"22":0,"23":26,"24":41,"25":41,"26":34,"27":25,"28":25,"29":25,"30":25,"31":25,"32":25,"33":25,"34":25,"35":0,"36":25,"37":25,"38":25,"39":25,"40":25,"41":0,"42":0,"43":0,"44":18,"45":18,"46":18,"47":18,"48":3,"49":15,"50":15,"51":0,"52":0,"53":0,"54":8,"55":8,"56":8,"57":8,"58":1,"59":7,"60":7,"61":7,"62":7,"63":1,"64":7,"65":7,"66":7,"67":0,"68":7,"69":7,"70":7,"71":7,"72":7,"73":7,"74":7,"75":7,"76":0,"77":0,"78":0,"79":2,"80":2,"81":2,"82":2,"83":0,"84":2,"85":2,"86":2,"87":2,"88":2,"89":2,"90":0,"91":0,"92":0,"93":7,"94":7,"95":7,"96":7,"97":4,"98":7,"99":7,"100":0,"101":0,"102":0,"103":3,"104":3,"105":3,"106":3,"107":0,"108":3,"109":3,"110":3,"111":0,"112":0,"113":0,"114":2,"115":2,"116":2,"117":2,"118":0,"119":2,"120":2,"121":3,"122":3,"123":0,"124":3,"125":2,"126":2,"127":0,"128":0,"129":0,"130":1,"131":1,"132":1,"133":1,"134":0,"135":1,"136":2,"137":1,"138":1,"139":0,"140":0,"141":0,"142":4,"143":4,"144":4,"145":0,"146":4,"147":4,"148":4,"149":0,"150":0,"151":0},"f":{"0":20,"1":25,"2":52,"3":26,"4":0,"5":41,"6":34,"7":25,"8":18,"9":8,"10":7,"11":2,"12":2,"13":7,"14":4,"15":3,"16":2,"17":3,"18":0,"19":1,"20":2,"21":4},"b":{"0":[0,26],"1":[26,26],"2":[26,0],"3":[0,26],"4":[0,26],"5":[26,0],"6":[23,18],"7":[41,23],"8":[0,25],"9":[0,0],"10":[3,15],"11":[0,0],"12":[1,7],"13":[8,7],"14":[1,6],"15":[7,0],"16":[0,7],"17":[7,0],"18":[0,0],"19":[0,2],"20":[0,0],"21":[0,0],"22":[0,3],"23":[3,3],"24":[3,2],"25":[0,0],"26":[0,2],"27":[2,2],"28":[3,2],"29":[0,0],"30":[0,1],"31":[1,1],"32":[0,0],"33":[0,4],"34":[4,4],"35":[0,0]},"_coverageSchema":"1a1c01bbd47fc00a2c39e90264f33305004495a9","hash":"31b75f8d156aabc1d34f48d49b9ecf1af7e143cc"}
,"/Users/momarm45/Documents/project/omarmuneercoder/src/store/resumeStore.ts": {"path":"/Users/momarm45/Documents/project/omarmuneercoder/src/store/resumeStore.ts","statementMap":{"0":{"start":{"line":69,"column":23},"end":{"line":385,"column":1}},"1":{"start":{"line":71,"column":14},"end":{"line":376,"column":5}},"2":{"start":{"line":123,"column":33},"end":{"line":123,"column":68}},"3":{"start":{"line":125,"column":27},"end":{"line":125,"column":80}},"4":{"start":{"line":125,"column":43},"end":{"line":125,"column":78}},"5":{"start":{"line":128,"column":8},"end":{"line":136,"column":11}},"6":{"start":{"line":128,"column":24},"end":{"line":136,"column":9}},"7":{"start":{"line":139,"column":8},"end":{"line":144,"column":11}},"8":{"start":{"line":139,"column":24},"end":{"line":144,"column":9}},"9":{"start":{"line":148,"column":8},"end":{"line":153,"column":11}},"10":{"start":{"line":148,"column":24},"end":{"line":153,"column":9}},"11":{"start":{"line":156,"column":8},"end":{"line":163,"column":11}},"12":{"start":{"line":156,"column":24},"end":{"line":163,"column":9}},"13":{"start":{"line":160,"column":14},"end":{"line":160,"column":62}},"14":{"start":{"line":166,"column":8},"end":{"line":171,"column":11}},"15":{"start":{"line":166,"column":24},"end":{"line":171,"column":9}},"16":{"start":{"line":169,"column":68},"end":{"line":169,"column":81}},"17":{"start":{"line":174,"column":8},"end":{"line":185,"column":10}},"18":{"start":{"line":175,"column":25},"end":{"line":175,"column":64}},"19":{"start":{"line":176,"column":28},"end":{"line":176,"column":56}},"20":{"start":{"line":177,"column":10},"end":{"line":177,"column":46}},"21":{"start":{"line":179,"column":10},"end":{"line":184,"column":12}},"22":{"start":{"line":189,"column":8},"end":{"line":194,"column":11}},"23":{"start":{"line":189,"column":24},"end":{"line":194,"column":9}},"24":{"start":{"line":197,"column":8},"end":{"line":204,"column":11}},"25":{"start":{"line":197,"column":24},"end":{"line":204,"column":9}},"26":{"start":{"line":201,"column":14},"end":{"line":201,"column":62}},"27":{"start":{"line":207,"column":8},"end":{"line":212,"column":11}},"28":{"start":{"line":207,"column":24},"end":{"line":212,"column":9}},"29":{"start":{"line":210,"column":66},"end":{"line":210,"column":79}},"30":{"start":{"line":215,"column":8},"end":{"line":226,"column":10}},"31":{"start":{"line":216,"column":25},"end":{"line":216,"column":63}},"32":{"start":{"line":217,"column":28},"end":{"line":217,"column":56}},"33":{"start":{"line":218,"column":10},"end":{"line":218,"column":46}},"34":{"start":{"line":220,"column":10},"end":{"line":225,"column":12}},"35":{"start":{"line":230,"column":8},"end":{"line":235,"column":11}},"36":{"start":{"line":230,"column":24},"end":{"line":235,"column":9}},"37":{"start":{"line":238,"column":8},"end":{"line":245,"column":11}},"38":{"start":{"line":238,"column":24},"end":{"line":245,"column":9}},"39":{"start":{"line":242,"column":14},"end":{"line":242,"column":41}},"40":{"start":{"line":248,"column":8},"end":{"line":253,"column":11}},"41":{"start":{"line":248,"column":24},"end":{"line":253,"column":9}},"42":{"start":{"line":251,"column":61},"end":{"line":251,"column":72}},"43":{"start":{"line":256,"column":8},"end":{"line":267,"column":10}},"44":{"start":{"line":257,"column":25},"end":{"line":257,"column":60}},"45":{"start":{"line":258,"column":28},"end":{"line":258,"column":56}},"46":{"start":{"line":259,"column":10},"end":{"line":259,"column":46}},"47":{"start":{"line":261,"column":10},"end":{"line":266,"column":12}},"48":{"start":{"line":271,"column":8},"end":{"line":276,"column":11}},"49":{"start":{"line":271,"column":24},"end":{"line":276,"column":9}},"50":{"start":{"line":279,"column":8},"end":{"line":286,"column":11}},"51":{"start":{"line":279,"column":24},"end":{"line":286,"column":9}},"52":{"start":{"line":283,"column":14},"end":{"line":283,"column":47}},"53":{"start":{"line":289,"column":8},"end":{"line":294,"column":11}},"54":{"start":{"line":289,"column":24},"end":{"line":294,"column":9}},"55":{"start":{"line":292,"column":70},"end":{"line":292,"column":81}},"56":{"start":{"line":298,"column":8},"end":{"line":303,"column":11}},"57":{"start":{"line":298,"column":24},"end":{"line":303,"column":9}},"58":{"start":{"line":306,"column":8},"end":{"line":313,"column":11}},"59":{"start":{"line":306,"column":24},"end":{"line":313,"column":9}},"60":{"start":{"line":310,"column":14},"end":{"line":310,"column":59}},"61":{"start":{"line":316,"column":8},"end":{"line":321,"column":11}},"62":{"start":{"line":316,"column":24},"end":{"line":321,"column":9}},"63":{"start":{"line":319,"column":82},"end":{"line":319,"column":93}},"64":{"start":{"line":325,"column":8},"end":{"line":330,"column":11}},"65":{"start":{"line":325,"column":24},"end":{"line":330,"column":9}},"66":{"start":{"line":333,"column":8},"end":{"line":340,"column":11}},"67":{"start":{"line":333,"column":24},"end":{"line":340,"column":9}},"68":{"start":{"line":337,"column":14},"end":{"line":337,"column":49}},"69":{"start":{"line":343,"column":8},"end":{"line":348,"column":11}},"70":{"start":{"line":343,"column":24},"end":{"line":348,"column":9}},"71":{"start":{"line":346,"column":72},"end":{"line":346,"column":83}},"72":{"start":{"line":352,"column":8},"end":{"line":357,"column":11}},"73":{"start":{"line":352,"column":24},"end":{"line":357,"column":9}},"74":{"start":{"line":360,"column":8},"end":{"line":367,"column":11}},"75":{"start":{"line":360,"column":24},"end":{"line":367,"column":9}},"76":{"start":{"line":364,"column":14},"end":{"line":364,"column":43}},"77":{"start":{"line":370,"column":8},"end":{"line":375,"column":11}},"78":{"start":{"line":370,"column":24},"end":{"line":375,"column":9}},"79":{"start":{"line":373,"column":66},"end":{"line":373,"column":77}},"80":{"start":{"line":379,"column":30},"end":{"line":382,"column":7}}},"fnMap":{"0":{"name":"(anonymous_0)","decl":{"start":{"line":71,"column":4},"end":{"line":71,"column":5}},"loc":{"start":{"line":71,"column":14},"end":{"line":376,"column":5}},"line":71},"1":{"name":"(anonymous_1)","decl":{"start":{"line":123,"column":19},"end":{"line":123,"column":20}},"loc":{"start":{"line":123,"column":33},"end":{"line":123,"column":68}},"line":123},"2":{"name":"(anonymous_2)","decl":{"start":{"line":125,"column":21},"end":{"line":125,"column":22}},"loc":{"start":{"line":125,"column":27},"end":{"line":125,"column":80}},"line":125},"3":{"name":"(anonymous_3)","decl":{"start":{"line":125,"column":31},"end":{"line":125,"column":32}},"loc":{"start":{"line":125,"column":43},"end":{"line":125,"column":78}},"line":125},"4":{"name":"(anonymous_4)","decl":{"start":{"line":127,"column":26},"end":{"line":127,"column":27}},"loc":{"start":{"line":128,"column":8},"end":{"line":136,"column":11}},"line":128},"5":{"name":"(anonymous_5)","decl":{"start":{"line":128,"column":12},"end":{"line":128,"column":13}},"loc":{"start":{"line":128,"column":24},"end":{"line":136,"column":9}},"line":128},"6":{"name":"(anonymous_6)","decl":{"start":{"line":138,"column":21},"end":{"line":138,"column":22}},"loc":{"start":{"line":139,"column":8},"end":{"line":144,"column":11}},"line":139},"7":{"name":"(anonymous_7)","decl":{"start":{"line":139,"column":12},"end":{"line":139,"column":13}},"loc":{"start":{"line":139,"column":24},"end":{"line":144,"column":9}},"line":139},"8":{"name":"(anonymous_8)","decl":{"start":{"line":147,"column":21},"end":{"line":147,"column":22}},"loc":{"start":{"line":148,"column":8},"end":{"line":153,"column":11}},"line":148},"9":{"name":"(anonymous_9)","decl":{"start":{"line":148,"column":12},"end":{"line":148,"column":13}},"loc":{"start":{"line":148,"column":24},"end":{"line":153,"column":9}},"line":148},"10":{"name":"(anonymous_10)","decl":{"start":{"line":155,"column":24},"end":{"line":155,"column":25}},"loc":{"start":{"line":156,"column":8},"end":{"line":163,"column":11}},"line":156},"11":{"name":"(anonymous_11)","decl":{"start":{"line":156,"column":12},"end":{"line":156,"column":13}},"loc":{"start":{"line":156,"column":24},"end":{"line":163,"column":9}},"line":156},"12":{"name":"(anonymous_12)","decl":{"start":{"line":159,"column":56},"end":{"line":159,"column":57}},"loc":{"start":{"line":160,"column":14},"end":{"line":160,"column":62}},"line":160},"13":{"name":"(anonymous_13)","decl":{"start":{"line":165,"column":24},"end":{"line":165,"column":25}},"loc":{"start":{"line":166,"column":8},"end":{"line":171,"column":11}},"line":166},"14":{"name":"(anonymous_14)","decl":{"start":{"line":166,"column":12},"end":{"line":166,"column":13}},"loc":{"start":{"line":166,"column":24},"end":{"line":171,"column":9}},"line":166},"15":{"name":"(anonymous_15)","decl":{"start":{"line":169,"column":59},"end":{"line":169,"column":60}},"loc":{"start":{"line":169,"column":68},"end":{"line":169,"column":81}},"line":169},"16":{"name":"(anonymous_16)","decl":{"start":{"line":173,"column":25},"end":{"line":173,"column":26}},"loc":{"start":{"line":174,"column":8},"end":{"line":185,"column":10}},"line":174},"17":{"name":"(anonymous_17)","decl":{"start":{"line":174,"column":12},"end":{"line":174,"column":13}},"loc":{"start":{"line":174,"column":23},"end":{"line":185,"column":9}},"line":174},"18":{"name":"(anonymous_18)","decl":{"start":{"line":188,"column":20},"end":{"line":188,"column":21}},"loc":{"start":{"line":189,"column":8},"end":{"line":194,"column":11}},"line":189},"19":{"name":"(anonymous_19)","decl":{"start":{"line":189,"column":12},"end":{"line":189,"column":13}},"loc":{"start":{"line":189,"column":24},"end":{"line":194,"column":9}},"line":189},"20":{"name":"(anonymous_20)","decl":{"start":{"line":196,"column":23},"end":{"line":196,"column":24}},"loc":{"start":{"line":197,"column":8},"end":{"line":204,"column":11}},"line":197},"21":{"name":"(anonymous_21)","decl":{"start":{"line":197,"column":12},"end":{"line":197,"column":13}},"loc":{"start":{"line":197,"column":24},"end":{"line":204,"column":9}},"line":197},"22":{"name":"(anonymous_22)","decl":{"start":{"line":200,"column":54},"end":{"line":200,"column":55}},"loc":{"start":{"line":201,"column":14},"end":{"line":201,"column":62}},"line":201},"23":{"name":"(anonymous_23)","decl":{"start":{"line":206,"column":23},"end":{"line":206,"column":24}},"loc":{"start":{"line":207,"column":8},"end":{"line":212,"column":11}},"line":207},"24":{"name":"(anonymous_24)","decl":{"start":{"line":207,"column":12},"end":{"line":207,"column":13}},"loc":{"start":{"line":207,"column":24},"end":{"line":212,"column":9}},"line":207},"25":{"name":"(anonymous_25)","decl":{"start":{"line":210,"column":57},"end":{"line":210,"column":58}},"loc":{"start":{"line":210,"column":66},"end":{"line":210,"column":79}},"line":210},"26":{"name":"(anonymous_26)","decl":{"start":{"line":214,"column":24},"end":{"line":214,"column":25}},"loc":{"start":{"line":215,"column":8},"end":{"line":226,"column":10}},"line":215},"27":{"name":"(anonymous_27)","decl":{"start":{"line":215,"column":12},"end":{"line":215,"column":13}},"loc":{"start":{"line":215,"column":23},"end":{"line":226,"column":9}},"line":215},"28":{"name":"(anonymous_28)","decl":{"start":{"line":229,"column":16},"end":{"line":229,"column":17}},"loc":{"start":{"line":230,"column":8},"end":{"line":235,"column":11}},"line":230},"29":{"name":"(anonymous_29)","decl":{"start":{"line":230,"column":12},"end":{"line":230,"column":13}},"loc":{"start":{"line":230,"column":24},"end":{"line":235,"column":9}},"line":230},"30":{"name":"(anonymous_30)","decl":{"start":{"line":237,"column":19},"end":{"line":237,"column":20}},"loc":{"start":{"line":238,"column":8},"end":{"line":245,"column":11}},"line":238},"31":{"name":"(anonymous_31)","decl":{"start":{"line":238,"column":12},"end":{"line":238,"column":13}},"loc":{"start":{"line":238,"column":24},"end":{"line":245,"column":9}},"line":238},"32":{"name":"(anonymous_32)","decl":{"start":{"line":241,"column":48},"end":{"line":241,"column":49}},"loc":{"start":{"line":242,"column":14},"end":{"line":242,"column":41}},"line":242},"33":{"name":"(anonymous_33)","decl":{"start":{"line":247,"column":19},"end":{"line":247,"column":20}},"loc":{"start":{"line":248,"column":8},"end":{"line":253,"column":11}},"line":248},"34":{"name":"(anonymous_34)","decl":{"start":{"line":248,"column":12},"end":{"line":248,"column":13}},"loc":{"start":{"line":248,"column":24},"end":{"line":253,"column":9}},"line":248},"35":{"name":"(anonymous_35)","decl":{"start":{"line":251,"column":51},"end":{"line":251,"column":52}},"loc":{"start":{"line":251,"column":61},"end":{"line":251,"column":72}},"line":251},"36":{"name":"(anonymous_36)","decl":{"start":{"line":255,"column":21},"end":{"line":255,"column":22}},"loc":{"start":{"line":256,"column":8},"end":{"line":267,"column":10}},"line":256},"37":{"name":"(anonymous_37)","decl":{"start":{"line":256,"column":12},"end":{"line":256,"column":13}},"loc":{"start":{"line":256,"column":23},"end":{"line":267,"column":9}},"line":256},"38":{"name":"(anonymous_38)","decl":{"start":{"line":270,"column":18},"end":{"line":270,"column":19}},"loc":{"start":{"line":271,"column":8},"end":{"line":276,"column":11}},"line":271},"39":{"name":"(anonymous_39)","decl":{"start":{"line":271,"column":12},"end":{"line":271,"column":13}},"loc":{"start":{"line":271,"column":24},"end":{"line":276,"column":9}},"line":271},"40":{"name":"(anonymous_40)","decl":{"start":{"line":278,"column":21},"end":{"line":278,"column":22}},"loc":{"start":{"line":279,"column":8},"end":{"line":286,"column":11}},"line":279},"41":{"name":"(anonymous_41)","decl":{"start":{"line":279,"column":12},"end":{"line":279,"column":13}},"loc":{"start":{"line":279,"column":24},"end":{"line":286,"column":9}},"line":279},"42":{"name":"(anonymous_42)","decl":{"start":{"line":282,"column":60},"end":{"line":282,"column":61}},"loc":{"start":{"line":283,"column":14},"end":{"line":283,"column":47}},"line":283},"43":{"name":"(anonymous_43)","decl":{"start":{"line":288,"column":21},"end":{"line":288,"column":22}},"loc":{"start":{"line":289,"column":8},"end":{"line":294,"column":11}},"line":289},"44":{"name":"(anonymous_44)","decl":{"start":{"line":289,"column":12},"end":{"line":289,"column":13}},"loc":{"start":{"line":289,"column":24},"end":{"line":294,"column":9}},"line":289},"45":{"name":"(anonymous_45)","decl":{"start":{"line":292,"column":63},"end":{"line":292,"column":64}},"loc":{"start":{"line":292,"column":70},"end":{"line":292,"column":81}},"line":292},"46":{"name":"(anonymous_46)","decl":{"start":{"line":297,"column":24},"end":{"line":297,"column":25}},"loc":{"start":{"line":298,"column":8},"end":{"line":303,"column":11}},"line":298},"47":{"name":"(anonymous_47)","decl":{"start":{"line":298,"column":12},"end":{"line":298,"column":13}},"loc":{"start":{"line":298,"column":24},"end":{"line":303,"column":9}},"line":298},"48":{"name":"(anonymous_48)","decl":{"start":{"line":305,"column":27},"end":{"line":305,"column":28}},"loc":{"start":{"line":306,"column":8},"end":{"line":313,"column":11}},"line":306},"49":{"name":"(anonymous_49)","decl":{"start":{"line":306,"column":12},"end":{"line":306,"column":13}},"loc":{"start":{"line":306,"column":24},"end":{"line":313,"column":9}},"line":306},"50":{"name":"(anonymous_50)","decl":{"start":{"line":309,"column":72},"end":{"line":309,"column":73}},"loc":{"start":{"line":310,"column":14},"end":{"line":310,"column":59}},"line":310},"51":{"name":"(anonymous_51)","decl":{"start":{"line":315,"column":27},"end":{"line":315,"column":28}},"loc":{"start":{"line":316,"column":8},"end":{"line":321,"column":11}},"line":316},"52":{"name":"(anonymous_52)","decl":{"start":{"line":316,"column":12},"end":{"line":316,"column":13}},"loc":{"start":{"line":316,"column":24},"end":{"line":321,"column":9}},"line":316},"53":{"name":"(anonymous_53)","decl":{"start":{"line":319,"column":75},"end":{"line":319,"column":76}},"loc":{"start":{"line":319,"column":82},"end":{"line":319,"column":93}},"line":319},"54":{"name":"(anonymous_54)","decl":{"start":{"line":324,"column":19},"end":{"line":324,"column":20}},"loc":{"start":{"line":325,"column":8},"end":{"line":330,"column":11}},"line":325},"55":{"name":"(anonymous_55)","decl":{"start":{"line":325,"column":12},"end":{"line":325,"column":13}},"loc":{"start":{"line":325,"column":24},"end":{"line":330,"column":9}},"line":325},"56":{"name":"(anonymous_56)","decl":{"start":{"line":332,"column":22},"end":{"line":332,"column":23}},"loc":{"start":{"line":333,"column":8},"end":{"line":340,"column":11}},"line":333},"57":{"name":"(anonymous_57)","decl":{"start":{"line":333,"column":12},"end":{"line":333,"column":13}},"loc":{"start":{"line":333,"column":24},"end":{"line":340,"column":9}},"line":333},"58":{"name":"(anonymous_58)","decl":{"start":{"line":336,"column":62},"end":{"line":336,"column":63}},"loc":{"start":{"line":337,"column":14},"end":{"line":337,"column":49}},"line":337},"59":{"name":"(anonymous_59)","decl":{"start":{"line":342,"column":22},"end":{"line":342,"column":23}},"loc":{"start":{"line":343,"column":8},"end":{"line":348,"column":11}},"line":343},"60":{"name":"(anonymous_60)","decl":{"start":{"line":343,"column":12},"end":{"line":343,"column":13}},"loc":{"start":{"line":343,"column":24},"end":{"line":348,"column":9}},"line":343},"61":{"name":"(anonymous_61)","decl":{"start":{"line":346,"column":65},"end":{"line":346,"column":66}},"loc":{"start":{"line":346,"column":72},"end":{"line":346,"column":83}},"line":346},"62":{"name":"(anonymous_62)","decl":{"start":{"line":351,"column":16},"end":{"line":351,"column":17}},"loc":{"start":{"line":352,"column":8},"end":{"line":357,"column":11}},"line":352},"63":{"name":"(anonymous_63)","decl":{"start":{"line":352,"column":12},"end":{"line":352,"column":13}},"loc":{"start":{"line":352,"column":24},"end":{"line":357,"column":9}},"line":352},"64":{"name":"(anonymous_64)","decl":{"start":{"line":359,"column":19},"end":{"line":359,"column":20}},"loc":{"start":{"line":360,"column":8},"end":{"line":367,"column":11}},"line":360},"65":{"name":"(anonymous_65)","decl":{"start":{"line":360,"column":12},"end":{"line":360,"column":13}},"loc":{"start":{"line":360,"column":24},"end":{"line":367,"column":9}},"line":360},"66":{"name":"(anonymous_66)","decl":{"start":{"line":363,"column":56},"end":{"line":363,"column":57}},"loc":{"start":{"line":364,"column":14},"end":{"line":364,"column":43}},"line":364},"67":{"name":"(anonymous_67)","decl":{"start":{"line":369,"column":19},"end":{"line":369,"column":20}},"loc":{"start":{"line":370,"column":8},"end":{"line":375,"column":11}},"line":370},"68":{"name":"(anonymous_68)","decl":{"start":{"line":370,"column":12},"end":{"line":370,"column":13}},"loc":{"start":{"line":370,"column":24},"end":{"line":375,"column":9}},"line":370},"69":{"name":"(anonymous_69)","decl":{"start":{"line":373,"column":59},"end":{"line":373,"column":60}},"loc":{"start":{"line":373,"column":66},"end":{"line":373,"column":77}},"line":373},"70":{"name":"(anonymous_70)","decl":{"start":{"line":379,"column":18},"end":{"line":379,"column":19}},"loc":{"start":{"line":379,"column":30},"end":{"line":382,"column":7}},"line":379}},"branchMap":{"0":{"loc":{"start":{"line":160,"column":14},"end":{"line":160,"column":62}},"type":"cond-expr","locations":[{"start":{"line":160,"column":30},"end":{"line":160,"column":56}},{"start":{"line":160,"column":59},"end":{"line":160,"column":62}}],"line":160},"1":{"loc":{"start":{"line":201,"column":14},"end":{"line":201,"column":62}},"type":"cond-expr","locations":[{"start":{"line":201,"column":30},"end":{"line":201,"column":56}},{"start":{"line":201,"column":59},"end":{"line":201,"column":62}}],"line":201},"2":{"loc":{"start":{"line":242,"column":14},"end":{"line":242,"column":41}},"type":"cond-expr","locations":[{"start":{"line":242,"column":28},"end":{"line":242,"column":33}},{"start":{"line":242,"column":36},"end":{"line":242,"column":41}}],"line":242},"3":{"loc":{"start":{"line":274,"column":27},"end":{"line":274,"column":58}},"type":"binary-expr","locations":[{"start":{"line":274,"column":27},"end":{"line":274,"column":52}},{"start":{"line":274,"column":56},"end":{"line":274,"column":58}}],"line":274},"4":{"loc":{"start":{"line":282,"column":23},"end":{"line":282,"column":54}},"type":"binary-expr","locations":[{"start":{"line":282,"column":23},"end":{"line":282,"column":48}},{"start":{"line":282,"column":52},"end":{"line":282,"column":54}}],"line":282},"5":{"loc":{"start":{"line":283,"column":14},"end":{"line":283,"column":47}},"type":"cond-expr","locations":[{"start":{"line":283,"column":36},"end":{"line":283,"column":43}},{"start":{"line":283,"column":46},"end":{"line":283,"column":47}}],"line":283},"6":{"loc":{"start":{"line":292,"column":23},"end":{"line":292,"column":54}},"type":"binary-expr","locations":[{"start":{"line":292,"column":23},"end":{"line":292,"column":48}},{"start":{"line":292,"column":52},"end":{"line":292,"column":54}}],"line":292},"7":{"loc":{"start":{"line":301,"column":33},"end":{"line":301,"column":70}},"type":"binary-expr","locations":[{"start":{"line":301,"column":33},"end":{"line":301,"column":64}},{"start":{"line":301,"column":68},"end":{"line":301,"column":70}}],"line":301},"8":{"loc":{"start":{"line":309,"column":29},"end":{"line":309,"column":66}},"type":"binary-expr","locations":[{"start":{"line":309,"column":29},"end":{"line":309,"column":60}},{"start":{"line":309,"column":64},"end":{"line":309,"column":66}}],"line":309},"9":{"loc":{"start":{"line":310,"column":14},"end":{"line":310,"column":59}},"type":"cond-expr","locations":[{"start":{"line":310,"column":42},"end":{"line":310,"column":55}},{"start":{"line":310,"column":58},"end":{"line":310,"column":59}}],"line":310},"10":{"loc":{"start":{"line":319,"column":29},"end":{"line":319,"column":66}},"type":"binary-expr","locations":[{"start":{"line":319,"column":29},"end":{"line":319,"column":60}},{"start":{"line":319,"column":64},"end":{"line":319,"column":66}}],"line":319},"11":{"loc":{"start":{"line":328,"column":28},"end":{"line":328,"column":60}},"type":"binary-expr","locations":[{"start":{"line":328,"column":28},"end":{"line":328,"column":54}},{"start":{"line":328,"column":58},"end":{"line":328,"column":60}}],"line":328},"12":{"loc":{"start":{"line":336,"column":24},"end":{"line":336,"column":56}},"type":"binary-expr","locations":[{"start":{"line":336,"column":24},"end":{"line":336,"column":50}},{"start":{"line":336,"column":54},"end":{"line":336,"column":56}}],"line":336},"13":{"loc":{"start":{"line":337,"column":14},"end":{"line":337,"column":49}},"type":"cond-expr","locations":[{"start":{"line":337,"column":37},"end":{"line":337,"column":45}},{"start":{"line":337,"column":48},"end":{"line":337,"column":49}}],"line":337},"14":{"loc":{"start":{"line":346,"column":24},"end":{"line":346,"column":56}},"type":"binary-expr","locations":[{"start":{"line":346,"column":24},"end":{"line":346,"column":50}},{"start":{"line":346,"column":54},"end":{"line":346,"column":56}}],"line":346},"15":{"loc":{"start":{"line":355,"column":25},"end":{"line":355,"column":54}},"type":"binary-expr","locations":[{"start":{"line":355,"column":25},"end":{"line":355,"column":48}},{"start":{"line":355,"column":52},"end":{"line":355,"column":54}}],"line":355},"16":{"loc":{"start":{"line":363,"column":21},"end":{"line":363,"column":50}},"type":"binary-expr","locations":[{"start":{"line":363,"column":21},"end":{"line":363,"column":44}},{"start":{"line":363,"column":48},"end":{"line":363,"column":50}}],"line":363},"17":{"loc":{"start":{"line":364,"column":14},"end":{"line":364,"column":43}},"type":"cond-expr","locations":[{"start":{"line":364,"column":34},"end":{"line":364,"column":39}},{"start":{"line":364,"column":42},"end":{"line":364,"column":43}}],"line":364},"18":{"loc":{"start":{"line":373,"column":21},"end":{"line":373,"column":50}},"type":"binary-expr","locations":[{"start":{"line":373,"column":21},"end":{"line":373,"column":44}},{"start":{"line":373,"column":48},"end":{"line":373,"column":50}}],"line":373}},"s":{"0":5,"1":5,"2":4,"3":1,"4":1,"5":9,"6":9,"7":3,"8":3,"9":5,"10":5,"11":2,"12":2,"13":9,"14":1,"15":1,"16":3,"17":2,"18":2,"19":2,"20":2,"21":2,"22":4,"23":4,"24":2,"25":2,"26":5,"27":2,"28":2,"29":5,"30":1,"31":1,"32":1,"33":1,"34":1,"35":7,"36":7,"37":7,"38":7,"39":78,"40":2,"41":2,"42":23,"43":2,"44":2,"45":2,"46":2,"47":2,"48":3,"49":3,"50":1,"51":1,"52":2,"53":1,"54":1,"55":3,"56":3,"57":3,"58":1,"59":1,"60":2,"61":1,"62":1,"63":3,"64":3,"65":3,"66":1,"67":1,"68":2,"69":1,"70":1,"71":3,"72":3,"73":3,"74":1,"75":1,"76":2,"77":1,"78":1,"79":3,"80":92},"f":{"0":5,"1":4,"2":1,"3":1,"4":9,"5":9,"6":3,"7":3,"8":5,"9":5,"10":2,"11":2,"12":9,"13":1,"14":1,"15":3,"16":2,"17":2,"18":4,"19":4,"20":2,"21":2,"22":5,"23":2,"24":2,"25":5,"26":1,"27":1,"28":7,"29":7,"30":7,"31":7,"32":78,"33":2,"34":2,"35":23,"36":2,"37":2,"38":3,"39":3,"40":1,"41":1,"42":2,"43":1,"44":1,"45":3,"46":3,"47":3,"48":1,"49":1,"50":2,"51":1,"52":1,"53":3,"54":3,"55":3,"56":1,"57":1,"58":2,"59":1,"60":1,"61":3,"62":3,"63":3,"64":1,"65":1,"66":2,"67":1,"68":1,"69":3,"70":92},"b":{"0":[2,7],"1":[2,3],"2":[7,71],"3":[3,0],"4":[1,0],"5":[1,1],"6":[1,0],"7":[3,0],"8":[1,0],"9":[1,1],"10":[1,0],"11":[3,0],"12":[1,0],"13":[1,1],"14":[1,0],"15":[3,0],"16":[1,0],"17":[1,1],"18":[1,0]},"_coverageSchema":"1a1c01bbd47fc00a2c39e90264f33305004495a9","hash":"17ce71378bdd9690cd75dfc760736c75e284f822"}
,"/Users/momarm45/Documents/project/omarmuneercoder/src/theme/colors.ts": {"path":"/Users/momarm45/Documents/project/omarmuneercoder/src/theme/colors.ts","statementMap":{"0":{"start":{"line":2,"column":22},"end":{"line":50,"column":10}},"1":{"start":{"line":53,"column":21},"end":{"line":121,"column":10}}},"fnMap":{},"branchMap":{},"s":{"0":2,"1":2},"f":{},"b":{},"_coverageSchema":"1a1c01bbd47fc00a2c39e90264f33305004495a9","hash":"77c0e4498e84f11ab94b538fb6e3d1b30a8bd229"}
,"/Users/momarm45/Documents/project/omarmuneercoder/src/utils/constants.ts": {"path":"/Users/momarm45/Documents/project/omarmuneercoder/src/utils/constants.ts","statementMap":{"0":{"start":{"line":13,"column":68},"end":{"line":44,"column":1}},"1":{"start":{"line":52,"column":37},"end":{"line":58,"column":1}}},"fnMap":{},"branchMap":{},"s":{"0":1,"1":1},"f":{},"b":{},"_coverageSchema":"1a1c01bbd47fc00a2c39e90264f33305004495a9","hash":"0863bd0b5aeb24bbd18330208be8f4323ac90d06"}
,"/Users/momarm45/Documents/project/omarmuneercoder/src/utils/dateUtils.ts": {"path":"/Users/momarm45/Documents/project/omarmuneercoder/src/utils/dateUtils.ts","statementMap":{"0":{"start":{"line":9,"column":15},"end":{"line":9,"column":35}},"1":{"start":{"line":10,"column":14},"end":{"line":10,"column":24}},"2":{"start":{"line":11,"column":24},"end":{"line":11,"column":75}},"3":{"start":{"line":13,"column":2},"end":{"line":15,"column":3}},"4":{"start":{"line":14,"column":4},"end":{"line":14,"column":22}},"5":{"start":{"line":17,"column":24},"end":{"line":17,"column":54}},"6":{"start":{"line":18,"column":2},"end":{"line":20,"column":3}},"7":{"start":{"line":19,"column":4},"end":{"line":19,"column":72}},"8":{"start":{"line":22,"column":22},"end":{"line":22,"column":52}},"9":{"start":{"line":23,"column":2},"end":{"line":25,"column":3}},"10":{"start":{"line":24,"column":4},"end":{"line":24,"column":66}},"11":{"start":{"line":27,"column":21},"end":{"line":27,"column":49}},"12":{"start":{"line":28,"column":2},"end":{"line":30,"column":3}},"13":{"start":{"line":29,"column":4},"end":{"line":29,"column":63}},"14":{"start":{"line":32,"column":23},"end":{"line":32,"column":50}},"15":{"start":{"line":33,"column":2},"end":{"line":35,"column":3}},"16":{"start":{"line":34,"column":4},"end":{"line":34,"column":69}},"17":{"start":{"line":37,"column":22},"end":{"line":37,"column":51}},"18":{"start":{"line":38,"column":2},"end":{"line":38,"column":64}},"19":{"start":{"line":45,"column":15},"end":{"line":45,"column":35}},"20":{"start":{"line":46,"column":53},"end":{"line":51,"column":3}},"21":{"start":{"line":52,"column":2},"end":{"line":52,"column":58}},"22":{"start":{"line":59,"column":15},"end":{"line":59,"column":35}},"23":{"start":{"line":60,"column":2},"end":{"line":60,"column":42}},"24":{"start":{"line":67,"column":15},"end":{"line":67,"column":35}},"25":{"start":{"line":68,"column":2},"end":{"line":68,"column":27}},"26":{"start":{"line":75,"column":15},"end":{"line":75,"column":35}},"27":{"start":{"line":76,"column":2},"end":{"line":76,"column":27}},"28":{"start":{"line":83,"column":13},"end":{"line":83,"column":28}},"29":{"start":{"line":84,"column":13},"end":{"line":84,"column":28}},"30":{"start":{"line":85,"column":19},"end":{"line":85,"column":56}},"31":{"start":{"line":86,"column":2},"end":{"line":86,"column":54}}},"fnMap":{"0":{"name":"formatDistanceToNow","decl":{"start":{"line":8,"column":16},"end":{"line":8,"column":35}},"loc":{"start":{"line":8,"column":64},"end":{"line":39,"column":1}},"line":8},"1":{"name":"formatDate","decl":{"start":{"line":44,"column":16},"end":{"line":44,"column":26}},"loc":{"start":{"line":44,"column":93},"end":{"line":53,"column":1}},"line":44},"2":{"name":"formatForInput","decl":{"start":{"line":58,"column":16},"end":{"line":58,"column":30}},"loc":{"start":{"line":58,"column":59},"end":{"line":61,"column":1}},"line":58},"3":{"name":"isPast","decl":{"start":{"line":66,"column":16},"end":{"line":66,"column":22}},"loc":{"start":{"line":66,"column":52},"end":{"line":69,"column":1}},"line":66},"4":{"name":"isFuture","decl":{"start":{"line":74,"column":16},"end":{"line":74,"column":24}},"loc":{"start":{"line":74,"column":54},"end":{"line":77,"column":1}},"line":74},"5":{"name":"getDaysDifference","decl":{"start":{"line":82,"column":16},"end":{"line":82,"column":33}},"loc":{"start":{"line":82,"column":72},"end":{"line":87,"column":1}},"line":82}},"branchMap":{"0":{"loc":{"start":{"line":13,"column":2},"end":{"line":15,"column":3}},"type":"if","locations":[{"start":{"line":13,"column":2},"end":{"line":15,"column":3}},{"start":{},"end":{}}],"line":13},"1":{"loc":{"start":{"line":18,"column":2},"end":{"line":20,"column":3}},"type":"if","locations":[{"start":{"line":18,"column":2},"end":{"line":20,"column":3}},{"start":{},"end":{}}],"line":18},"2":{"loc":{"start":{"line":19,"column":37},"end":{"line":19,"column":65}},"type":"cond-expr","locations":[{"start":{"line":19,"column":57},"end":{"line":19,"column":60}},{"start":{"line":19,"column":63},"end":{"line":19,"column":65}}],"line":19},"3":{"loc":{"start":{"line":23,"column":2},"end":{"line":25,"column":3}},"type":"if","locations":[{"start":{"line":23,"column":2},"end":{"line":25,"column":3}},{"start":{},"end":{}}],"line":23},"4":{"loc":{"start":{"line":24,"column":33},"end":{"line":24,"column":59}},"type":"cond-expr","locations":[{"start":{"line":24,"column":51},"end":{"line":24,"column":54}},{"start":{"line":24,"column":57},"end":{"line":24,"column":59}}],"line":24},"5":{"loc":{"start":{"line":28,"column":2},"end":{"line":30,"column":3}},"type":"if","locations":[{"start":{"line":28,"column":2},"end":{"line":30,"column":3}},{"start":{},"end":{}}],"line":28},"6":{"loc":{"start":{"line":29,"column":31},"end":{"line":29,"column":56}},"type":"cond-expr","locations":[{"start":{"line":29,"column":48},"end":{"line":29,"column":51}},{"start":{"line":29,"column":54},"end":{"line":29,"column":56}}],"line":29},"7":{"loc":{"start":{"line":33,"column":2},"end":{"line":35,"column":3}},"type":"if","locations":[{"start":{"line":33,"column":2},"end":{"line":35,"column":3}},{"start":{},"end":{}}],"line":33},"8":{"loc":{"start":{"line":34,"column":35},"end":{"line":34,"column":62}},"type":"cond-expr","locations":[{"start":{"line":34,"column":54},"end":{"line":34,"column":57}},{"start":{"line":34,"column":60},"end":{"line":34,"column":62}}],"line":34},"9":{"loc":{"start":{"line":38,"column":31},"end":{"line":38,"column":57}},"type":"cond-expr","locations":[{"start":{"line":38,"column":49},"end":{"line":38,"column":52}},{"start":{"line":38,"column":55},"end":{"line":38,"column":57}}],"line":38}},"s":{"0":11,"1":11,"2":11,"3":11,"4":1,"5":10,"6":10,"7":2,"8":8,"9":8,"10":2,"11":6,"12":6,"13":2,"14":4,"15":4,"16":2,"17":2,"18":2,"19":2,"20":2,"21":2,"22":1,"23":1,"24":2,"25":2,"26":2,"27":2,"28":4,"29":4,"30":4,"31":4},"f":{"0":11,"1":2,"2":1,"3":2,"4":2,"5":4},"b":{"0":[1,10],"1":[2,8],"2":[1,1],"3":[2,6],"4":[1,1],"5":[2,4],"6":[1,1],"7":[2,2],"8":[1,1],"9":[1,1]},"_coverageSchema":"1a1c01bbd47fc00a2c39e90264f33305004495a9","hash":"ebe4d3dbcb3397da737120a0cedc04b75a10bd39"}
,"/Users/momarm45/Documents/project/omarmuneercoder/src/utils/errorHandling.ts": {"path":"/Users/momarm45/Documents/project/omarmuneercoder/src/utils/errorHandling.ts","statementMap":{"0":{"start":{"line":49,"column":4},"end":{"line":49,"column":19}},"1":{"start":{"line":50,"column":4},"end":{"line":50,"column":27}},"2":{"start":{"line":62,"column":2},"end":{"line":77,"column":3}},"3":{"start":{"line":63,"column":19},"end":{"line":63,"column":36}},"4":{"start":{"line":64,"column":4},"end":{"line":68,"column":6}},"5":{"start":{"line":70,"column":4},"end":{"line":70,"column":45}},"6":{"start":{"line":71,"column":4},"end":{"line":76,"column":6}},"7":{"start":{"line":87,"column":24},"end":{"line":89,"column":3}},"8":{"start":{"line":88,"column":15},"end":{"line":88,"column":95}},"9":{"start":{"line":91,"column":2},"end":{"line":97,"column":3}},"10":{"start":{"line":92,"column":4},"end":{"line":96,"column":6}},"11":{"start":{"line":99,"column":2},"end":{"line":103,"column":4}},"12":{"start":{"line":110,"column":2},"end":{"line":115,"column":3}},"13":{"start":{"line":111,"column":4},"end":{"line":111,"column":33}},"14":{"start":{"line":113,"column":4},"end":{"line":113,"column":63}},"15":{"start":{"line":114,"column":4},"end":{"line":114,"column":20}},"16":{"start":{"line":125,"column":41},"end":{"line":125,"column":45}},"17":{"start":{"line":127,"column":2},"end":{"line":132,"column":4}},"18":{"start":{"line":128,"column":4},"end":{"line":130,"column":5}},"19":{"start":{"line":129,"column":6},"end":{"line":129,"column":30}},"20":{"start":{"line":131,"column":4},"end":{"line":131,"column":53}},"21":{"start":{"line":131,"column":33},"end":{"line":131,"column":44}},"22":{"start":{"line":143,"column":32},"end":{"line":143,"column":36}},"23":{"start":{"line":145,"column":2},"end":{"line":154,"column":3}},"24":{"start":{"line":145,"column":15},"end":{"line":145,"column":16}},"25":{"start":{"line":146,"column":4},"end":{"line":153,"column":5}},"26":{"start":{"line":147,"column":6},"end":{"line":147,"column":31}},"27":{"start":{"line":149,"column":6},"end":{"line":149,"column":76}},"28":{"start":{"line":150,"column":6},"end":{"line":152,"column":7}},"29":{"start":{"line":151,"column":8},"end":{"line":151,"column":79}},"30":{"start":{"line":151,"column":39},"end":{"line":151,"column":77}},"31":{"start":{"line":156,"column":2},"end":{"line":156,"column":65}},"32":{"start":{"line":162,"column":22},"end":{"line":180,"column":1}},"33":{"start":{"line":164,"column":4},"end":{"line":164,"column":49}},"34":{"start":{"line":167,"column":4},"end":{"line":167,"column":50}},"35":{"start":{"line":170,"column":4},"end":{"line":170,"column":53}},"36":{"start":{"line":171,"column":4},"end":{"line":173,"column":6}},"37":{"start":{"line":176,"column":4},"end":{"line":178,"column":5}},"38":{"start":{"line":177,"column":6},"end":{"line":177,"column":54}}},"fnMap":{"0":{"name":"(anonymous_0)","decl":{"start":{"line":44,"column":2},"end":{"line":44,"column":3}},"loc":{"start":{"line":48,"column":4},"end":{"line":51,"column":3}},"line":48},"1":{"name":"withErrorHandling","decl":{"start":{"line":57,"column":22},"end":{"line":57,"column":39}},"loc":{"start":{"line":61,"column":31},"end":{"line":78,"column":1}},"line":61},"2":{"name":"validateRequired","decl":{"start":{"line":83,"column":16},"end":{"line":83,"column":32}},"loc":{"start":{"line":86,"column":22},"end":{"line":104,"column":1}},"line":86},"3":{"name":"(anonymous_3)","decl":{"start":{"line":88,"column":4},"end":{"line":88,"column":5}},"loc":{"start":{"line":88,"column":15},"end":{"line":88,"column":95}},"line":88},"4":{"name":"safeJsonParse","decl":{"start":{"line":109,"column":16},"end":{"line":109,"column":29}},"loc":{"start":{"line":109,"column":63},"end":{"line":116,"column":1}},"line":109},"5":{"name":"debounce","decl":{"start":{"line":121,"column":16},"end":{"line":121,"column":24}},"loc":{"start":{"line":124,"column":36},"end":{"line":133,"column":1}},"line":124},"6":{"name":"(anonymous_6)","decl":{"start":{"line":127,"column":9},"end":{"line":127,"column":10}},"loc":{"start":{"line":127,"column":37},"end":{"line":132,"column":3}},"line":127},"7":{"name":"(anonymous_7)","decl":{"start":{"line":131,"column":27},"end":{"line":131,"column":28}},"loc":{"start":{"line":131,"column":33},"end":{"line":131,"column":44}},"line":131},"8":{"name":"retry","decl":{"start":{"line":138,"column":22},"end":{"line":138,"column":27}},"loc":{"start":{"line":142,"column":14},"end":{"line":157,"column":1}},"line":142},"9":{"name":"(anonymous_9)","decl":{"start":{"line":151,"column":26},"end":{"line":151,"column":27}},"loc":{"start":{"line":151,"column":39},"end":{"line":151,"column":77}},"line":151},"10":{"name":"(anonymous_10)","decl":{"start":{"line":163,"column":8},"end":{"line":163,"column":9}},"loc":{"start":{"line":163,"column":45},"end":{"line":165,"column":3}},"line":163},"11":{"name":"(anonymous_11)","decl":{"start":{"line":166,"column":8},"end":{"line":166,"column":9}},"loc":{"start":{"line":166,"column":45},"end":{"line":168,"column":3}},"line":166},"12":{"name":"(anonymous_12)","decl":{"start":{"line":169,"column":9},"end":{"line":169,"column":10}},"loc":{"start":{"line":169,"column":47},"end":{"line":174,"column":3}},"line":169},"13":{"name":"(anonymous_13)","decl":{"start":{"line":175,"column":9},"end":{"line":175,"column":10}},"loc":{"start":{"line":175,"column":46},"end":{"line":179,"column":3}},"line":175}},"branchMap":{"0":{"loc":{"start":{"line":46,"column":11},"end":{"line":46,"column":52}},"type":"default-arg","locations":[{"start":{"line":46,"column":29},"end":{"line":46,"column":52}}],"line":46},"1":{"loc":{"start":{"line":60,"column":2},"end":{"line":60,"column":48}},"type":"default-arg","locations":[{"start":{"line":60,"column":25},"end":{"line":60,"column":48}}],"line":60},"2":{"loc":{"start":{"line":75,"column":13},"end":{"line":75,"column":70}},"type":"cond-expr","locations":[{"start":{"line":75,"column":38},"end":{"line":75,"column":43}},{"start":{"line":75,"column":46},"end":{"line":75,"column":70}}],"line":75},"3":{"loc":{"start":{"line":88,"column":15},"end":{"line":88,"column":95}},"type":"binary-expr","locations":[{"start":{"line":88,"column":15},"end":{"line":88,"column":27}},{"start":{"line":88,"column":32},"end":{"line":88,"column":63}},{"start":{"line":88,"column":67},"end":{"line":88,"column":94}}],"line":88},"4":{"loc":{"start":{"line":91,"column":2},"end":{"line":97,"column":3}},"type":"if","locations":[{"start":{"line":91,"column":2},"end":{"line":97,"column":3}},{"start":{},"end":{}}],"line":91},"5":{"loc":{"start":{"line":128,"column":4},"end":{"line":130,"column":5}},"type":"if","locations":[{"start":{"line":128,"column":4},"end":{"line":130,"column":5}},{"start":{},"end":{}}],"line":128},"6":{"loc":{"start":{"line":140,"column":2},"end":{"line":140,"column":24}},"type":"default-arg","locations":[{"start":{"line":140,"column":23},"end":{"line":140,"column":24}}],"line":140},"7":{"loc":{"start":{"line":141,"column":2},"end":{"line":141,"column":24}},"type":"default-arg","locations":[{"start":{"line":141,"column":20},"end":{"line":141,"column":24}}],"line":141},"8":{"loc":{"start":{"line":149,"column":18},"end":{"line":149,"column":75}},"type":"cond-expr","locations":[{"start":{"line":149,"column":43},"end":{"line":149,"column":48}},{"start":{"line":149,"column":51},"end":{"line":149,"column":75}}],"line":149},"9":{"loc":{"start":{"line":150,"column":6},"end":{"line":152,"column":7}},"type":"if","locations":[{"start":{"line":150,"column":6},"end":{"line":152,"column":7}},{"start":{},"end":{}}],"line":150},"10":{"loc":{"start":{"line":156,"column":8},"end":{"line":156,"column":64}},"type":"binary-expr","locations":[{"start":{"line":156,"column":8},"end":{"line":156,"column":17}},{"start":{"line":156,"column":21},"end":{"line":156,"column":64}}],"line":156},"11":{"loc":{"start":{"line":164,"column":37},"end":{"line":164,"column":47}},"type":"binary-expr","locations":[{"start":{"line":164,"column":37},"end":{"line":164,"column":41}},{"start":{"line":164,"column":45},"end":{"line":164,"column":47}}],"line":164},"12":{"loc":{"start":{"line":167,"column":38},"end":{"line":167,"column":48}},"type":"binary-expr","locations":[{"start":{"line":167,"column":38},"end":{"line":167,"column":42}},{"start":{"line":167,"column":46},"end":{"line":167,"column":48}}],"line":167},"13":{"loc":{"start":{"line":170,"column":40},"end":{"line":170,"column":51}},"type":"binary-expr","locations":[{"start":{"line":170,"column":40},"end":{"line":170,"column":45}},{"start":{"line":170,"column":49},"end":{"line":170,"column":51}}],"line":170},"14":{"loc":{"start":{"line":172,"column":6},"end":{"line":172,"column":80}},"type":"cond-expr","locations":[{"start":{"line":172,"column":31},"end":{"line":172,"column":36}},{"start":{"line":172,"column":39},"end":{"line":172,"column":80}}],"line":172},"15":{"loc":{"start":{"line":176,"column":4},"end":{"line":178,"column":5}},"type":"if","locations":[{"start":{"line":176,"column":4},"end":{"line":178,"column":5}},{"start":{},"end":{}}],"line":176},"16":{"loc":{"start":{"line":177,"column":42},"end":{"line":177,"column":52}},"type":"binary-expr","locations":[{"start":{"line":177,"column":42},"end":{"line":177,"column":46}},{"start":{"line":177,"column":50},"end":{"line":177,"column":52}}],"line":177}},"s":{"0":3,"1":3,"2":3,"3":3,"4":1,"5":2,"6":2,"7":4,"8":8,"9":4,"10":3,"11":1,"12":2,"13":2,"14":1,"15":1,"16":2,"17":2,"18":3,"19":1,"20":3,"21":2,"22":3,"23":3,"24":3,"25":5,"26":5,"27":3,"28":3,"29":2,"30":2,"31":1,"32":3,"33":93,"34":1,"35":1,"36":1,"37":116,"38":1},"f":{"0":3,"1":3,"2":4,"3":8,"4":2,"5":2,"6":3,"7":2,"8":3,"9":2,"10":93,"11":1,"12":1,"13":116},"b":{"0":[1],"1":[2],"2":[1,1],"3":[8,3,3],"4":[3,1],"5":[1,2],"6":[0],"7":[0],"8":[3,0],"9":[2,1],"10":[1,0],"11":[93,0],"12":[1,1],"13":[1,0],"14":[1,0],"15":[1,115],"16":[1,0]},"_coverageSchema":"1a1c01bbd47fc00a2c39e90264f33305004495a9","hash":"01f398b01b77d9317c7c74e333566795ad9d1430"}
,"/Users/momarm45/Documents/project/omarmuneercoder/src/utils/sanitize.ts": {"path":"/Users/momarm45/Documents/project/omarmuneercoder/src/utils/sanitize.ts","statementMap":{"0":{"start":{"line":8,"column":2},"end":{"line":8,"column":75}},"1":{"start":{"line":16,"column":2},"end":{"line":16,"column":35}},"2":{"start":{"line":24,"column":17},"end":{"line":24,"column":27}},"3":{"start":{"line":25,"column":2},"end":{"line":32,"column":3}},"4":{"start":{"line":26,"column":18},"end":{"line":26,"column":29}},"5":{"start":{"line":27,"column":4},"end":{"line":31,"column":5}},"6":{"start":{"line":28,"column":6},"end":{"line":28,"column":69}},"7":{"start":{"line":29,"column":11},"end":{"line":31,"column":5}},"8":{"start":{"line":30,"column":6},"end":{"line":30,"column":98}},"9":{"start":{"line":33,"column":2},"end":{"line":33,"column":16}}},"fnMap":{"0":{"name":"sanitizeText","decl":{"start":{"line":7,"column":16},"end":{"line":7,"column":28}},"loc":{"start":{"line":7,"column":52},"end":{"line":9,"column":1}},"line":7},"1":{"name":"sanitizeHtml","decl":{"start":{"line":15,"column":16},"end":{"line":15,"column":28}},"loc":{"start":{"line":15,"column":52},"end":{"line":17,"column":1}},"line":15},"2":{"name":"sanitizeObject","decl":{"start":{"line":23,"column":16},"end":{"line":23,"column":30}},"loc":{"start":{"line":23,"column":77},"end":{"line":34,"column":1}},"line":23}},"branchMap":{"0":{"loc":{"start":{"line":27,"column":4},"end":{"line":31,"column":5}},"type":"if","locations":[{"start":{"line":27,"column":4},"end":{"line":31,"column":5}},{"start":{"line":29,"column":11},"end":{"line":31,"column":5}}],"line":27},"1":{"loc":{"start":{"line":29,"column":11},"end":{"line":31,"column":5}},"type":"if","locations":[{"start":{"line":29,"column":11},"end":{"line":31,"column":5}},{"start":{},"end":{}}],"line":29},"2":{"loc":{"start":{"line":29,"column":15},"end":{"line":29,"column":83}},"type":"binary-expr","locations":[{"start":{"line":29,"column":15},"end":{"line":29,"column":29}},{"start":{"line":29,"column":33},"end":{"line":29,"column":58}},{"start":{"line":29,"column":62},"end":{"line":29,"column":83}}],"line":29}},"s":{"0":9,"1":4,"2":7,"3":7,"4":9,"5":9,"6":3,"7":6,"8":1,"9":7},"f":{"0":9,"1":4,"2":7},"b":{"0":[3,6],"1":[1,5],"2":[6,5,2]},"_coverageSchema":"1a1c01bbd47fc00a2c39e90264f33305004495a9","hash":"a85ae35e85a19575d8af0b410aa5ce17dc9644f4"}
}
