TN:
SF:src/App.tsx
FN:5,(anonymous_0)
FN:6,(anonymous_1)
FN:7,(anonymous_2)
FN:8,(anonymous_3)
FN:9,(anonymous_4)
FN:10,(anonymous_5)
FN:11,(anonymous_6)
FN:19,App
FNF:8
FNH:0
FNDA:0,(anonymous_0)
FNDA:0,(anonymous_1)
FNDA:0,(anonymous_2)
FNDA:0,(anonymous_3)
FNDA:0,(anonymous_4)
FNDA:0,(anonymous_5)
FNDA:0,(anonymous_6)
FNDA:0,App
DA:5,1
DA:6,1
DA:7,1
DA:8,1
DA:9,1
DA:10,1
DA:11,1
DA:14,1
DA:20,0
LF:9
LH:8
BRF:0
BRH:0
end_of_record
TN:
SF:src/pages/NotFound.tsx
FN:4,NotFound
FNF:1
FNH:0
FNDA:0,NotFound
DA:5,0
LF:1
LH:0
BRF:0
BRH:0
end_of_record
TN:
SF:src/pages/Auth/Login.tsx
FN:6,Login
FN:14,(anonymous_1)
FN:55,(anonymous_2)
FN:67,(anonymous_3)
FNF:4
FNH:4
FNDA:15,Login
FNDA:3,(anonymous_1)
FNDA:3,(anonymous_2)
FNDA:3,(anonymous_3)
DA:7,15
DA:8,15
DA:9,15
DA:10,15
DA:11,15
DA:12,15
DA:14,15
DA:15,3
DA:16,3
DA:17,3
DA:19,3
DA:21,3
DA:22,1
DA:23,1
DA:25,2
DA:29,15
DA:55,3
DA:67,3
LF:18
LH:18
BRDA:21,0,0,1
BRDA:21,0,1,2
BRDA:42,1,0,15
BRDA:42,1,1,1
BRDA:78,2,0,3
BRDA:78,2,1,12
BRF:6
BRH:6
end_of_record
TN:
SF:src/pages/Auth/Register.tsx
FN:6,Register
FN:15,(anonymous_1)
FN:66,(anonymous_2)
FN:78,(anonymous_3)
FN:92,(anonymous_4)
FNF:5
FNH:5
FNDA:27,Register
FNDA:5,(anonymous_1)
FNDA:5,(anonymous_2)
FNDA:5,(anonymous_3)
FNDA:5,(anonymous_4)
DA:7,27
DA:8,27
DA:9,27
DA:10,27
DA:11,27
DA:12,27
DA:13,27
DA:15,27
DA:16,5
DA:17,5
DA:19,5
DA:20,1
DA:21,1
DA:24,4
DA:25,1
DA:26,1
DA:29,3
DA:30,3
DA:32,3
DA:33,1
DA:34,1
DA:36,2
DA:40,27
DA:66,5
DA:78,5
DA:92,5
LF:26
LH:26
BRDA:19,0,0,1
BRDA:19,0,1,4
BRDA:24,1,0,1
BRDA:24,1,1,3
BRDA:32,2,0,1
BRDA:32,2,1,2
BRDA:53,3,0,27
BRDA:53,3,1,3
BRDA:103,4,0,3
BRDA:103,4,1,24
BRF:10
BRH:10
end_of_record
TN:
SF:src/services/LocalStorageService.ts
FN:24,(anonymous_0)
FN:32,(anonymous_1)
FN:46,(anonymous_2)
FN:53,(anonymous_3)
FN:63,(anonymous_4)
FN:78,(anonymous_5)
FN:90,(anonymous_6)
FN:94,(anonymous_7)
FN:136,(anonymous_8)
FN:170,(anonymous_9)
FN:194,(anonymous_10)
FN:215,(anonymous_11)
FN:249,(anonymous_12)
FN:288,(anonymous_13)
FNF:14
FNH:14
FNDA:13,(anonymous_0)
FNDA:13,(anonymous_1)
FNDA:29,(anonymous_2)
FNDA:9,(anonymous_3)
FNDA:15,(anonymous_4)
FNDA:2,(anonymous_5)
FNDA:18,(anonymous_6)
FNDA:15,(anonymous_7)
FNDA:4,(anonymous_8)
FNDA:4,(anonymous_9)
FNDA:2,(anonymous_10)
FNDA:6,(anonymous_11)
FNDA:1,(anonymous_12)
FNDA:2,(anonymous_13)
DA:16,1
DA:25,13
DA:26,13
DA:33,13
DA:34,13
DA:35,13
DA:36,13
DA:38,0
DA:39,0
DA:47,29
DA:54,9
DA:55,9
DA:64,15
DA:65,15
DA:71,0
DA:79,2
DA:80,2
DA:81,2
DA:83,0
DA:91,18
DA:95,15
DA:96,15
DA:98,15
DA:99,15
DA:102,15
DA:103,15
DA:104,0
DA:107,15
DA:109,15
DA:110,15
DA:116,0
DA:117,0
DA:120,0
DA:121,0
DA:128,0
DA:137,4
DA:138,4
DA:140,4
DA:141,4
DA:143,4
DA:144,2
DA:145,2
DA:151,2
DA:153,2
DA:154,2
DA:159,0
DA:160,0
DA:162,0
DA:171,4
DA:172,4
DA:174,4
DA:175,4
DA:177,4
DA:178,4
DA:183,0
DA:184,0
DA:186,0
DA:195,2
DA:196,2
DA:197,2
DA:199,2
DA:204,0
DA:205,0
DA:207,0
DA:216,6
DA:217,6
DA:219,6
DA:223,6
DA:225,6
DA:226,10
DA:227,10
DA:228,9
DA:232,6
DA:233,6
DA:238,0
DA:239,0
DA:241,0
DA:250,1
DA:251,1
DA:253,1
DA:255,0
DA:256,0
DA:257,0
DA:258,0
DA:263,1
DA:264,1
DA:265,1
DA:266,2
DA:271,1
DA:272,1
DA:277,0
DA:278,0
DA:280,0
DA:289,2
DA:290,2
DA:292,2
DA:293,0
DA:299,2
DA:300,2
DA:301,3
DA:302,3
DA:303,3
DA:304,3
DA:308,2
DA:313,2
DA:314,2
DA:319,0
DA:320,0
DA:322,0
LF:109
LH:76
BRDA:24,0,0,0
BRDA:55,1,0,9
BRDA:55,1,1,0
BRDA:71,2,0,0
BRDA:71,2,1,0
BRDA:83,3,0,0
BRDA:83,3,1,0
BRDA:103,4,0,0
BRDA:103,4,1,15
BRDA:116,5,0,0
BRDA:116,5,1,0
BRDA:120,6,0,0
BRDA:120,6,1,0
BRDA:120,7,0,0
BRDA:120,7,1,0
BRDA:143,8,0,2
BRDA:143,8,1,2
BRDA:159,9,0,0
BRDA:159,9,1,0
BRDA:183,10,0,0
BRDA:183,10,1,0
BRDA:204,11,0,0
BRDA:204,11,1,0
BRDA:219,12,0,1
BRDA:219,12,1,5
BRDA:227,13,0,9
BRDA:227,13,1,1
BRDA:227,14,0,10
BRDA:227,14,1,10
BRDA:238,15,0,0
BRDA:238,15,1,0
BRDA:253,16,0,0
BRDA:253,16,1,1
BRDA:256,17,0,0
BRDA:256,17,1,0
BRDA:256,18,0,0
BRDA:256,18,1,0
BRDA:264,19,0,1
BRDA:264,19,1,0
BRDA:264,20,0,1
BRDA:264,20,1,1
BRDA:277,21,0,0
BRDA:277,21,1,0
BRDA:292,22,0,0
BRDA:292,22,1,2
BRDA:292,23,0,2
BRDA:292,23,1,2
BRDA:303,24,0,3
BRDA:303,24,1,0
BRDA:319,25,0,0
BRDA:319,25,1,0
BRF:51
BRH:18
end_of_record
TN:
SF:src/services/ResumeService.ts
FN:45,(anonymous_0)
FN:52,(anonymous_1)
FN:59,(anonymous_2)
FN:66,(anonymous_3)
FN:89,(anonymous_4)
FN:114,(anonymous_5)
FN:122,(anonymous_6)
FN:129,(anonymous_7)
FN:188,(anonymous_8)
FN:218,(anonymous_9)
FN:262,(anonymous_10)
FN:295,(anonymous_11)
FN:307,(anonymous_12)
FN:330,(anonymous_13)
FN:337,(anonymous_14)
FN:359,(anonymous_15)
FN:392,(anonymous_16)
FN:402,(anonymous_17)
FN:404,(anonymous_18)
FN:430,(anonymous_19)
FN:439,(anonymous_20)
FN:461,(anonymous_21)
FNF:22
FNH:20
FNDA:20,(anonymous_0)
FNDA:25,(anonymous_1)
FNDA:52,(anonymous_2)
FNDA:26,(anonymous_3)
FNDA:0,(anonymous_4)
FNDA:41,(anonymous_5)
FNDA:34,(anonymous_6)
FNDA:25,(anonymous_7)
FNDA:18,(anonymous_8)
FNDA:8,(anonymous_9)
FNDA:7,(anonymous_10)
FNDA:2,(anonymous_11)
FNDA:2,(anonymous_12)
FNDA:7,(anonymous_13)
FNDA:4,(anonymous_14)
FNDA:3,(anonymous_15)
FNDA:2,(anonymous_16)
FNDA:3,(anonymous_17)
FNDA:0,(anonymous_18)
FNDA:1,(anonymous_19)
FNDA:2,(anonymous_20)
FNDA:4,(anonymous_21)
DA:41,1
DA:42,1
DA:46,20
DA:53,25
DA:60,52
DA:67,26
DA:68,26
DA:77,26
DA:78,26
DA:81,26
DA:82,0
DA:83,26
DA:84,26
DA:88,26
DA:89,0
DA:90,0
DA:91,0
DA:93,0
DA:97,26
DA:98,0
DA:102,26
DA:103,26
DA:105,0
DA:108,26
DA:115,41
DA:116,41
DA:123,34
DA:130,25
DA:131,25
DA:133,25
DA:134,25
DA:135,25
DA:137,25
DA:151,25
DA:152,25
DA:153,0
DA:157,25
DA:158,25
DA:165,25
DA:167,25
DA:168,25
DA:174,0
DA:175,0
DA:177,0
DA:189,18
DA:190,18
DA:192,18
DA:194,18
DA:195,3
DA:201,15
DA:202,15
DA:204,0
DA:205,0
DA:207,0
DA:219,8
DA:220,8
DA:223,8
DA:224,8
DA:225,1
DA:231,7
DA:232,7
DA:235,7
DA:236,7
DA:237,1
DA:241,7
DA:255,7
DA:256,7
DA:257,0
DA:261,7
DA:262,7
DA:263,7
DA:264,7
DA:271,7
DA:274,7
DA:275,7
DA:281,0
DA:282,0
DA:284,0
DA:296,2
DA:297,2
DA:300,2
DA:301,2
DA:302,0
DA:306,2
DA:307,2
DA:308,2
DA:310,2
DA:311,2
DA:316,0
DA:317,0
DA:319,0
DA:331,7
DA:332,7
DA:334,7
DA:337,7
DA:339,7
DA:340,7
DA:345,0
DA:346,0
DA:348,0
DA:360,3
DA:361,3
DA:364,3
DA:365,3
DA:366,0
DA:372,3
DA:373,3
DA:376,3
DA:378,0
DA:379,0
DA:381,0
DA:393,2
DA:394,2
DA:396,2
DA:397,2
DA:398,0
DA:401,2
DA:402,2
DA:403,3
DA:404,3
DA:405,0
DA:407,3
DA:410,2
DA:411,2
DA:416,0
DA:417,0
DA:419,0
DA:431,1
DA:432,1
DA:434,1
DA:435,1
DA:436,0
DA:439,2
DA:441,1
DA:442,1
DA:447,0
DA:448,0
DA:450,0
DA:462,4
DA:463,4
DA:464,4
DA:465,0
DA:471,4
DA:472,4
DA:474,4
DA:481,0
DA:482,0
DA:484,0
LF:148
LH:106
BRDA:81,0,0,0
BRDA:81,0,1,26
BRDA:81,1,0,26
BRDA:81,1,1,26
BRDA:83,2,0,26
BRDA:83,2,1,0
BRDA:88,3,0,0
BRDA:88,3,1,26
BRDA:97,4,0,0
BRDA:97,4,1,26
BRDA:102,5,0,26
BRDA:102,5,1,0
BRDA:116,6,0,23
BRDA:116,6,1,18
BRDA:116,7,0,41
BRDA:116,7,1,23
BRDA:152,8,0,0
BRDA:152,8,1,25
BRDA:174,9,0,0
BRDA:174,9,1,0
BRDA:194,10,0,3
BRDA:194,10,1,15
BRDA:204,11,0,0
BRDA:204,11,1,0
BRDA:224,12,0,1
BRDA:224,12,1,7
BRDA:224,13,0,8
BRDA:224,13,1,7
BRDA:236,14,0,1
BRDA:236,14,1,6
BRDA:250,15,0,7
BRDA:250,15,1,0
BRDA:256,16,0,0
BRDA:256,16,1,7
BRDA:263,17,0,7
BRDA:263,17,1,0
BRDA:281,18,0,0
BRDA:281,18,1,0
BRDA:301,19,0,0
BRDA:301,19,1,2
BRDA:316,20,0,0
BRDA:316,20,1,0
BRDA:345,21,0,0
BRDA:345,21,1,0
BRDA:365,22,0,0
BRDA:365,22,1,3
BRDA:365,23,0,3
BRDA:365,23,1,3
BRDA:373,24,0,3
BRDA:373,24,1,2
BRDA:378,25,0,0
BRDA:378,25,1,0
BRDA:397,26,0,0
BRDA:397,26,1,2
BRDA:397,27,0,2
BRDA:397,27,1,2
BRDA:407,28,0,3
BRDA:407,28,1,2
BRDA:416,29,0,0
BRDA:416,29,1,0
BRDA:435,30,0,0
BRDA:435,30,1,1
BRDA:435,31,0,1
BRDA:435,31,1,1
BRDA:447,32,0,0
BRDA:447,32,1,0
BRDA:464,33,0,0
BRDA:464,33,1,4
BRDA:464,34,0,4
BRDA:464,34,1,4
BRDA:481,35,0,0
BRDA:481,35,1,0
BRF:72
BRH:40
end_of_record
TN:
SF:src/store/resumeStore.ts
FN:71,(anonymous_0)
FN:123,(anonymous_1)
FN:125,(anonymous_2)
FN:125,(anonymous_3)
FN:127,(anonymous_4)
FN:128,(anonymous_5)
FN:138,(anonymous_6)
FN:139,(anonymous_7)
FN:147,(anonymous_8)
FN:148,(anonymous_9)
FN:155,(anonymous_10)
FN:156,(anonymous_11)
FN:159,(anonymous_12)
FN:165,(anonymous_13)
FN:166,(anonymous_14)
FN:169,(anonymous_15)
FN:173,(anonymous_16)
FN:174,(anonymous_17)
FN:188,(anonymous_18)
FN:189,(anonymous_19)
FN:196,(anonymous_20)
FN:197,(anonymous_21)
FN:200,(anonymous_22)
FN:206,(anonymous_23)
FN:207,(anonymous_24)
FN:210,(anonymous_25)
FN:214,(anonymous_26)
FN:215,(anonymous_27)
FN:229,(anonymous_28)
FN:230,(anonymous_29)
FN:237,(anonymous_30)
FN:238,(anonymous_31)
FN:241,(anonymous_32)
FN:247,(anonymous_33)
FN:248,(anonymous_34)
FN:251,(anonymous_35)
FN:255,(anonymous_36)
FN:256,(anonymous_37)
FN:270,(anonymous_38)
FN:271,(anonymous_39)
FN:278,(anonymous_40)
FN:279,(anonymous_41)
FN:282,(anonymous_42)
FN:288,(anonymous_43)
FN:289,(anonymous_44)
FN:292,(anonymous_45)
FN:297,(anonymous_46)
FN:298,(anonymous_47)
FN:305,(anonymous_48)
FN:306,(anonymous_49)
FN:309,(anonymous_50)
FN:315,(anonymous_51)
FN:316,(anonymous_52)
FN:319,(anonymous_53)
FN:324,(anonymous_54)
FN:325,(anonymous_55)
FN:332,(anonymous_56)
FN:333,(anonymous_57)
FN:336,(anonymous_58)
FN:342,(anonymous_59)
FN:343,(anonymous_60)
FN:346,(anonymous_61)
FN:351,(anonymous_62)
FN:352,(anonymous_63)
FN:359,(anonymous_64)
FN:360,(anonymous_65)
FN:363,(anonymous_66)
FN:369,(anonymous_67)
FN:370,(anonymous_68)
FN:373,(anonymous_69)
FN:379,(anonymous_70)
FNF:71
FNH:71
FNDA:5,(anonymous_0)
FNDA:4,(anonymous_1)
FNDA:1,(anonymous_2)
FNDA:1,(anonymous_3)
FNDA:9,(anonymous_4)
FNDA:9,(anonymous_5)
FNDA:3,(anonymous_6)
FNDA:3,(anonymous_7)
FNDA:5,(anonymous_8)
FNDA:5,(anonymous_9)
FNDA:2,(anonymous_10)
FNDA:2,(anonymous_11)
FNDA:9,(anonymous_12)
FNDA:1,(anonymous_13)
FNDA:1,(anonymous_14)
FNDA:3,(anonymous_15)
FNDA:2,(anonymous_16)
FNDA:2,(anonymous_17)
FNDA:4,(anonymous_18)
FNDA:4,(anonymous_19)
FNDA:2,(anonymous_20)
FNDA:2,(anonymous_21)
FNDA:5,(anonymous_22)
FNDA:2,(anonymous_23)
FNDA:2,(anonymous_24)
FNDA:5,(anonymous_25)
FNDA:1,(anonymous_26)
FNDA:1,(anonymous_27)
FNDA:7,(anonymous_28)
FNDA:7,(anonymous_29)
FNDA:7,(anonymous_30)
FNDA:7,(anonymous_31)
FNDA:78,(anonymous_32)
FNDA:2,(anonymous_33)
FNDA:2,(anonymous_34)
FNDA:23,(anonymous_35)
FNDA:2,(anonymous_36)
FNDA:2,(anonymous_37)
FNDA:3,(anonymous_38)
FNDA:3,(anonymous_39)
FNDA:1,(anonymous_40)
FNDA:1,(anonymous_41)
FNDA:2,(anonymous_42)
FNDA:1,(anonymous_43)
FNDA:1,(anonymous_44)
FNDA:3,(anonymous_45)
FNDA:3,(anonymous_46)
FNDA:3,(anonymous_47)
FNDA:1,(anonymous_48)
FNDA:1,(anonymous_49)
FNDA:2,(anonymous_50)
FNDA:1,(anonymous_51)
FNDA:1,(anonymous_52)
FNDA:3,(anonymous_53)
FNDA:3,(anonymous_54)
FNDA:3,(anonymous_55)
FNDA:1,(anonymous_56)
FNDA:1,(anonymous_57)
FNDA:2,(anonymous_58)
FNDA:1,(anonymous_59)
FNDA:1,(anonymous_60)
FNDA:3,(anonymous_61)
FNDA:3,(anonymous_62)
FNDA:3,(anonymous_63)
FNDA:1,(anonymous_64)
FNDA:1,(anonymous_65)
FNDA:2,(anonymous_66)
FNDA:1,(anonymous_67)
FNDA:1,(anonymous_68)
FNDA:3,(anonymous_69)
FNDA:92,(anonymous_70)
DA:69,5
DA:71,5
DA:123,4
DA:125,1
DA:128,9
DA:139,3
DA:148,5
DA:156,2
DA:160,9
DA:166,1
DA:169,3
DA:174,2
DA:175,2
DA:176,2
DA:177,2
DA:179,2
DA:189,4
DA:197,2
DA:201,5
DA:207,2
DA:210,5
DA:215,1
DA:216,1
DA:217,1
DA:218,1
DA:220,1
DA:230,7
DA:238,7
DA:242,78
DA:248,2
DA:251,23
DA:256,2
DA:257,2
DA:258,2
DA:259,2
DA:261,2
DA:271,3
DA:279,1
DA:283,2
DA:289,1
DA:292,3
DA:298,3
DA:306,1
DA:310,2
DA:316,1
DA:319,3
DA:325,3
DA:333,1
DA:337,2
DA:343,1
DA:346,3
DA:352,3
DA:360,1
DA:364,2
DA:370,1
DA:373,3
DA:379,92
LF:57
LH:57
BRDA:160,0,0,2
BRDA:160,0,1,7
BRDA:201,1,0,2
BRDA:201,1,1,3
BRDA:242,2,0,7
BRDA:242,2,1,71
BRDA:274,3,0,3
BRDA:274,3,1,0
BRDA:282,4,0,1
BRDA:282,4,1,0
BRDA:283,5,0,1
BRDA:283,5,1,1
BRDA:292,6,0,1
BRDA:292,6,1,0
BRDA:301,7,0,3
BRDA:301,7,1,0
BRDA:309,8,0,1
BRDA:309,8,1,0
BRDA:310,9,0,1
BRDA:310,9,1,1
BRDA:319,10,0,1
BRDA:319,10,1,0
BRDA:328,11,0,3
BRDA:328,11,1,0
BRDA:336,12,0,1
BRDA:336,12,1,0
BRDA:337,13,0,1
BRDA:337,13,1,1
BRDA:346,14,0,1
BRDA:346,14,1,0
BRDA:355,15,0,3
BRDA:355,15,1,0
BRDA:363,16,0,1
BRDA:363,16,1,0
BRDA:364,17,0,1
BRDA:364,17,1,1
BRDA:373,18,0,1
BRDA:373,18,1,0
BRF:38
BRH:26
end_of_record
TN:
SF:src/theme/colors.ts
FNF:0
FNH:0
DA:2,2
DA:53,2
LF:2
LH:2
BRF:0
BRH:0
end_of_record
TN:
SF:src/utils/constants.ts
FNF:0
FNH:0
DA:13,1
DA:52,1
LF:2
LH:2
BRF:0
BRH:0
end_of_record
TN:
SF:src/utils/dateUtils.ts
FN:8,formatDistanceToNow
FN:44,formatDate
FN:58,formatForInput
FN:66,isPast
FN:74,isFuture
FN:82,getDaysDifference
FNF:6
FNH:6
FNDA:11,formatDistanceToNow
FNDA:2,formatDate
FNDA:1,formatForInput
FNDA:2,isPast
FNDA:2,isFuture
FNDA:4,getDaysDifference
DA:9,11
DA:10,11
DA:11,11
DA:13,11
DA:14,1
DA:17,10
DA:18,10
DA:19,2
DA:22,8
DA:23,8
DA:24,2
DA:27,6
DA:28,6
DA:29,2
DA:32,4
DA:33,4
DA:34,2
DA:37,2
DA:38,2
DA:45,2
DA:46,2
DA:52,2
DA:59,1
DA:60,1
DA:67,2
DA:68,2
DA:75,2
DA:76,2
DA:83,4
DA:84,4
DA:85,4
DA:86,4
LF:32
LH:32
BRDA:13,0,0,1
BRDA:13,0,1,10
BRDA:18,1,0,2
BRDA:18,1,1,8
BRDA:19,2,0,1
BRDA:19,2,1,1
BRDA:23,3,0,2
BRDA:23,3,1,6
BRDA:24,4,0,1
BRDA:24,4,1,1
BRDA:28,5,0,2
BRDA:28,5,1,4
BRDA:29,6,0,1
BRDA:29,6,1,1
BRDA:33,7,0,2
BRDA:33,7,1,2
BRDA:34,8,0,1
BRDA:34,8,1,1
BRDA:38,9,0,1
BRDA:38,9,1,1
BRF:20
BRH:20
end_of_record
TN:
SF:src/utils/errorHandling.ts
FN:44,(anonymous_0)
FN:57,withErrorHandling
FN:83,validateRequired
FN:88,(anonymous_3)
FN:109,safeJsonParse
FN:121,debounce
FN:127,(anonymous_6)
FN:131,(anonymous_7)
FN:138,retry
FN:151,(anonymous_9)
FN:163,(anonymous_10)
FN:166,(anonymous_11)
FN:169,(anonymous_12)
FN:175,(anonymous_13)
FNF:14
FNH:14
FNDA:3,(anonymous_0)
FNDA:3,withErrorHandling
FNDA:4,validateRequired
FNDA:8,(anonymous_3)
FNDA:2,safeJsonParse
FNDA:2,debounce
FNDA:3,(anonymous_6)
FNDA:2,(anonymous_7)
FNDA:3,retry
FNDA:2,(anonymous_9)
FNDA:93,(anonymous_10)
FNDA:1,(anonymous_11)
FNDA:1,(anonymous_12)
FNDA:116,(anonymous_13)
DA:49,3
DA:50,3
DA:62,3
DA:63,3
DA:64,1
DA:70,2
DA:71,2
DA:87,4
DA:88,8
DA:91,4
DA:92,3
DA:99,1
DA:110,2
DA:111,2
DA:113,1
DA:114,1
DA:125,2
DA:127,2
DA:128,3
DA:129,1
DA:131,3
DA:143,3
DA:145,3
DA:146,5
DA:147,5
DA:149,3
DA:150,3
DA:151,2
DA:156,1
DA:162,3
DA:164,93
DA:167,1
DA:170,1
DA:171,1
DA:176,116
DA:177,1
LF:36
LH:36
BRDA:46,0,0,1
BRDA:60,1,0,2
BRDA:75,2,0,1
BRDA:75,2,1,1
BRDA:88,3,0,8
BRDA:88,3,1,3
BRDA:88,3,2,3
BRDA:91,4,0,3
BRDA:91,4,1,1
BRDA:128,5,0,1
BRDA:128,5,1,2
BRDA:140,6,0,0
BRDA:141,7,0,0
BRDA:149,8,0,3
BRDA:149,8,1,0
BRDA:150,9,0,2
BRDA:150,9,1,1
BRDA:156,10,0,1
BRDA:156,10,1,0
BRDA:164,11,0,93
BRDA:164,11,1,0
BRDA:167,12,0,1
BRDA:167,12,1,1
BRDA:170,13,0,1
BRDA:170,13,1,0
BRDA:172,14,0,1
BRDA:172,14,1,0
BRDA:176,15,0,1
BRDA:176,15,1,115
BRDA:177,16,0,1
BRDA:177,16,1,0
BRF:31
BRH:23
end_of_record
TN:
SF:src/utils/sanitize.ts
FN:7,sanitizeText
FN:15,sanitizeHtml
FN:23,sanitizeObject
FNF:3
FNH:3
FNDA:9,sanitizeText
FNDA:4,sanitizeHtml
FNDA:7,sanitizeObject
DA:8,9
DA:16,4
DA:24,7
DA:25,7
DA:26,9
DA:27,9
DA:28,3
DA:29,6
DA:30,1
DA:33,7
LF:10
LH:10
BRDA:27,0,0,3
BRDA:27,0,1,6
BRDA:29,1,0,1
BRDA:29,1,1,5
BRDA:29,2,0,6
BRDA:29,2,1,5
BRDA:29,2,2,2
BRF:7
BRH:7
end_of_record
